<?xml version="1.0" encoding="UTF-8"?>
<testng-results skipped="0" failed="16" ignored="0" total="40" passed="24">
  <reporter-output>
  </reporter-output>
  <suite name="Default suite" duration-ms="310688" started-at="2021-12-06T16:52:11 CET" finished-at="2021-12-06T16:57:22 CET">
    <groups>
    </groups>
    <test name="Default test" duration-ms="310688" started-at="2021-12-06T16:52:11 CET" finished-at="2021-12-06T16:57:22 CET">
      <class name="projekatTests.ProjekatTests">
        <test-method status="PASS" signature="beforeClass()[pri:0, instance:projekatTests.ProjekatTests@3cb1ffe6]" name="beforeClass" is-config="true" duration-ms="2305" started-at="2021-12-06T16:52:11 CET" finished-at="2021-12-06T16:52:13 CET">
          <reporter-output>
          </reporter-output>
        </test-method> <!-- beforeClass -->
        <test-method status="PASS" signature="pageSetUp()[pri:0, instance:projekatTests.ProjekatTests@3cb1ffe6]" name="pageSetUp" is-config="true" duration-ms="1491" started-at="2021-12-06T16:52:13 CET" finished-at="2021-12-06T16:52:15 CET">
          <reporter-output>
          </reporter-output>
        </test-method> <!-- pageSetUp -->
        <test-method status="PASS" signature="goToDemoQaWebsite()[pri:10, instance:projekatTests.ProjekatTests@3cb1ffe6]" name="goToDemoQaWebsite" duration-ms="5257" started-at="2021-12-06T16:52:15 CET" finished-at="2021-12-06T16:52:20 CET">
          <reporter-output>
          </reporter-output>
        </test-method> <!-- goToDemoQaWebsite -->
        <test-method status="PASS" signature="afterMethod()[pri:0, instance:projekatTests.ProjekatTests@3cb1ffe6]" name="afterMethod" is-config="true" duration-ms="16" started-at="2021-12-06T16:52:20 CET" finished-at="2021-12-06T16:52:20 CET">
          <reporter-output>
          </reporter-output>
        </test-method> <!-- afterMethod -->
        <test-method status="PASS" signature="pageSetUp()[pri:0, instance:projekatTests.ProjekatTests@3cb1ffe6]" name="pageSetUp" is-config="true" duration-ms="1180" started-at="2021-12-06T16:52:20 CET" finished-at="2021-12-06T16:52:21 CET">
          <reporter-output>
          </reporter-output>
        </test-method> <!-- pageSetUp -->
        <test-method status="PASS" signature="openRegistrationPage()[pri:20, instance:projekatTests.ProjekatTests@3cb1ffe6]" name="openRegistrationPage" duration-ms="5077" started-at="2021-12-06T16:52:21 CET" finished-at="2021-12-06T16:52:26 CET">
          <reporter-output>
          </reporter-output>
        </test-method> <!-- openRegistrationPage -->
        <test-method status="PASS" signature="afterMethod()[pri:0, instance:projekatTests.ProjekatTests@3cb1ffe6]" name="afterMethod" is-config="true" duration-ms="8" started-at="2021-12-06T16:52:26 CET" finished-at="2021-12-06T16:52:26 CET">
          <reporter-output>
          </reporter-output>
        </test-method> <!-- afterMethod -->
        <test-method status="PASS" signature="pageSetUp()[pri:0, instance:projekatTests.ProjekatTests@3cb1ffe6]" name="pageSetUp" is-config="true" duration-ms="1234" started-at="2021-12-06T16:52:26 CET" finished-at="2021-12-06T16:52:28 CET">
          <reporter-output>
          </reporter-output>
        </test-method> <!-- pageSetUp -->
        <test-method status="PASS" signature="joinNowAndRegistration()[pri:30, instance:projekatTests.ProjekatTests@3cb1ffe6]" name="joinNowAndRegistration" duration-ms="30067" started-at="2021-12-06T16:52:28 CET" finished-at="2021-12-06T16:52:58 CET">
          <reporter-output>
          </reporter-output>
        </test-method> <!-- joinNowAndRegistration -->
        <test-method status="PASS" signature="afterMethod()[pri:0, instance:projekatTests.ProjekatTests@3cb1ffe6]" name="afterMethod" is-config="true" duration-ms="18" started-at="2021-12-06T16:52:58 CET" finished-at="2021-12-06T16:52:58 CET">
          <reporter-output>
          </reporter-output>
        </test-method> <!-- afterMethod -->
        <test-method status="PASS" signature="pageSetUp()[pri:0, instance:projekatTests.ProjekatTests@3cb1ffe6]" name="pageSetUp" is-config="true" duration-ms="892" started-at="2021-12-06T16:52:58 CET" finished-at="2021-12-06T16:52:59 CET">
          <reporter-output>
          </reporter-output>
        </test-method> <!-- pageSetUp -->
        <test-method status="FAIL" signature="cardsOnToolsQaHomePageAreClickable()[pri:40, instance:projekatTests.ProjekatTests@3cb1ffe6]" name="cardsOnToolsQaHomePageAreClickable" duration-ms="14310" started-at="2021-12-06T16:52:59 CET" finished-at="2021-12-06T16:53:13 CET">
          <exception class="org.openqa.selenium.ElementClickInterceptedException">
            <message>
              <![CDATA[element click intercepted: Element <div class="element-group">...</div> is not clickable at point (209, 650). Other element would receive the click: <div id="fixedban" style="width:100%;margin:auto;text-align:center;float:none;overflow:hidden;display:scroll;position:fixed;bottom:0;z-index:9999999">...</div>
  (Session info: chrome=96.0.4664.45)
Build info: version: '3.141.59', revision: 'e82be7d358', time: '2018-11-14T08:25:48'
System info: host: 'DESKTOP-BF2C6C6', ip: '192.168.1.10', os.name: 'Windows 10', os.arch: 'amd64', os.version: '10.0', java.version: '1.8.0_311'
Driver info: org.openqa.selenium.chrome.ChromeDriver
Capabilities {acceptInsecureCerts: false, browserName: chrome, browserVersion: 96.0.4664.45, chrome: {chromedriverVersion: 95.0.4638.17 (a9d0719444d4b..., userDataDir: C:\Users\Dell\AppData\Local...}, goog:chromeOptions: {debuggerAddress: localhost:53924}, javascriptEnabled: true, networkConnectionEnabled: false, pageLoadStrategy: normal, platform: WINDOWS, platformName: WINDOWS, proxy: Proxy(), setWindowRect: true, strictFileInteractability: false, timeouts: {implicit: 0, pageLoad: 300000, script: 30000}, unhandledPromptBehavior: dismiss and notify, webauthn:extension:credBlob: true, webauthn:extension:largeBlob: true, webauthn:virtualAuthenticators: true}
Session ID: 7ac6c77dc5f287f492c964f04c93a349]]>
            </message>
            <full-stacktrace>
              <![CDATA[org.openqa.selenium.ElementClickInterceptedException: element click intercepted: Element <div class="element-group">...</div> is not clickable at point (209, 650). Other element would receive the click: <div id="fixedban" style="width:100%;margin:auto;text-align:center;float:none;overflow:hidden;display:scroll;position:fixed;bottom:0;z-index:9999999">...</div>
  (Session info: chrome=96.0.4664.45)
Build info: version: '3.141.59', revision: 'e82be7d358', time: '2018-11-14T08:25:48'
System info: host: 'DESKTOP-BF2C6C6', ip: '192.168.1.10', os.name: 'Windows 10', os.arch: 'amd64', os.version: '10.0', java.version: '1.8.0_311'
Driver info: org.openqa.selenium.chrome.ChromeDriver
Capabilities {acceptInsecureCerts: false, browserName: chrome, browserVersion: 96.0.4664.45, chrome: {chromedriverVersion: 95.0.4638.17 (a9d0719444d4b..., userDataDir: C:\Users\Dell\AppData\Local...}, goog:chromeOptions: {debuggerAddress: localhost:53924}, javascriptEnabled: true, networkConnectionEnabled: false, pageLoadStrategy: normal, platform: WINDOWS, platformName: WINDOWS, proxy: Proxy(), setWindowRect: true, strictFileInteractability: false, timeouts: {implicit: 0, pageLoad: 300000, script: 30000}, unhandledPromptBehavior: dismiss and notify, webauthn:extension:credBlob: true, webauthn:extension:largeBlob: true, webauthn:virtualAuthenticators: true}
Session ID: 7ac6c77dc5f287f492c964f04c93a349
at sun.reflect.NativeConstructorAccessorImpl.newInstance0(Native Method)
at sun.reflect.NativeConstructorAccessorImpl.newInstance(Unknown Source)
at sun.reflect.DelegatingConstructorAccessorImpl.newInstance(Unknown Source)
at java.lang.reflect.Constructor.newInstance(Unknown Source)
at org.openqa.selenium.remote.http.W3CHttpResponseCodec.createException(W3CHttpResponseCodec.java:187)
at org.openqa.selenium.remote.http.W3CHttpResponseCodec.decode(W3CHttpResponseCodec.java:122)
at org.openqa.selenium.remote.http.W3CHttpResponseCodec.decode(W3CHttpResponseCodec.java:49)
at org.openqa.selenium.remote.HttpCommandExecutor.execute(HttpCommandExecutor.java:158)
at org.openqa.selenium.remote.service.DriverCommandExecutor.execute(DriverCommandExecutor.java:83)
at org.openqa.selenium.remote.RemoteWebDriver.execute(RemoteWebDriver.java:552)
at org.openqa.selenium.remote.RemoteWebElement.execute(RemoteWebElement.java:285)
at org.openqa.selenium.remote.RemoteWebElement.click(RemoteWebElement.java:84)
at projekatPages.CardsOnToolsQaHomePage.clickableCard(CardsOnToolsQaHomePage.java:40)
at projekatTests.ProjekatTests.cardsOnToolsQaHomePageAreClickable(ProjekatTests.java:106)
at sun.reflect.NativeMethodAccessorImpl.invoke0(Native Method)
at sun.reflect.NativeMethodAccessorImpl.invoke(Unknown Source)
at sun.reflect.DelegatingMethodAccessorImpl.invoke(Unknown Source)
at java.lang.reflect.Method.invoke(Unknown Source)
at org.testng.internal.MethodInvocationHelper.invokeMethod(MethodInvocationHelper.java:133)
at org.testng.internal.TestInvoker.invokeMethod(TestInvoker.java:598)
at org.testng.internal.TestInvoker.invokeTestMethod(TestInvoker.java:173)
at org.testng.internal.MethodRunner.runInSequence(MethodRunner.java:46)
at org.testng.internal.TestInvoker$MethodInvocationAgent.invoke(TestInvoker.java:824)
at org.testng.internal.TestInvoker.invokeTestMethods(TestInvoker.java:146)
at org.testng.internal.TestMethodWorker.invokeTestMethods(TestMethodWorker.java:146)
at org.testng.internal.TestMethodWorker.run(TestMethodWorker.java:128)
at java.util.ArrayList.forEach(Unknown Source)
at org.testng.TestRunner.privateRun(TestRunner.java:794)
at org.testng.TestRunner.run(TestRunner.java:596)
at org.testng.SuiteRunner.runTest(SuiteRunner.java:377)
at org.testng.SuiteRunner.runSequentially(SuiteRunner.java:371)
at org.testng.SuiteRunner.privateRun(SuiteRunner.java:332)
at org.testng.SuiteRunner.run(SuiteRunner.java:276)
at org.testng.SuiteRunnerWorker.runSuite(SuiteRunnerWorker.java:53)
at org.testng.SuiteRunnerWorker.run(SuiteRunnerWorker.java:96)
at org.testng.TestNG.runSuitesSequentially(TestNG.java:1212)
at org.testng.TestNG.runSuitesLocally(TestNG.java:1134)
at org.testng.TestNG.runSuites(TestNG.java:1063)
at org.testng.TestNG.run(TestNG.java:1031)
at org.testng.remote.AbstractRemoteTestNG.run(AbstractRemoteTestNG.java:115)
at org.testng.remote.RemoteTestNG.initAndRun(RemoteTestNG.java:251)
at org.testng.remote.RemoteTestNG.main(RemoteTestNG.java:77)
]]>
            </full-stacktrace>
          </exception> <!-- org.openqa.selenium.ElementClickInterceptedException -->
          <reporter-output>
          </reporter-output>
        </test-method> <!-- cardsOnToolsQaHomePageAreClickable -->
        <test-method status="PASS" signature="afterMethod()[pri:0, instance:projekatTests.ProjekatTests@3cb1ffe6]" name="afterMethod" is-config="true" duration-ms="20" started-at="2021-12-06T16:53:13 CET" finished-at="2021-12-06T16:53:13 CET">
          <reporter-output>
          </reporter-output>
        </test-method> <!-- afterMethod -->
        <test-method status="PASS" signature="pageSetUp()[pri:0, instance:projekatTests.ProjekatTests@3cb1ffe6]" name="pageSetUp" is-config="true" duration-ms="927" started-at="2021-12-06T16:53:13 CET" finished-at="2021-12-06T16:53:14 CET">
          <reporter-output>
          </reporter-output>
        </test-method> <!-- pageSetUp -->
        <test-method status="FAIL" signature="itemsOnElementsCardAreClickable()[pri:50, instance:projekatTests.ProjekatTests@3cb1ffe6]" name="itemsOnElementsCardAreClickable" duration-ms="22308" started-at="2021-12-06T16:53:14 CET" finished-at="2021-12-06T16:53:36 CET">
          <exception class="org.openqa.selenium.ElementClickInterceptedException">
            <message>
              <![CDATA[element click intercepted: Element <li class="btn btn-light active" id="item-4">...</li> is not clickable at point (199, 629). Other element would receive the click: <div id="fixedban" style="width:100%;margin:auto;text-align:center;float:none;overflow:hidden;display:scroll;position:fixed;bottom:0;z-index:9999999">...</div>
  (Session info: chrome=96.0.4664.45)
Build info: version: '3.141.59', revision: 'e82be7d358', time: '2018-11-14T08:25:48'
System info: host: 'DESKTOP-BF2C6C6', ip: '192.168.1.10', os.name: 'Windows 10', os.arch: 'amd64', os.version: '10.0', java.version: '1.8.0_311'
Driver info: org.openqa.selenium.chrome.ChromeDriver
Capabilities {acceptInsecureCerts: false, browserName: chrome, browserVersion: 96.0.4664.45, chrome: {chromedriverVersion: 95.0.4638.17 (a9d0719444d4b..., userDataDir: C:\Users\Dell\AppData\Local...}, goog:chromeOptions: {debuggerAddress: localhost:53924}, javascriptEnabled: true, networkConnectionEnabled: false, pageLoadStrategy: normal, platform: WINDOWS, platformName: WINDOWS, proxy: Proxy(), setWindowRect: true, strictFileInteractability: false, timeouts: {implicit: 0, pageLoad: 300000, script: 30000}, unhandledPromptBehavior: dismiss and notify, webauthn:extension:credBlob: true, webauthn:extension:largeBlob: true, webauthn:virtualAuthenticators: true}
Session ID: 7ac6c77dc5f287f492c964f04c93a349]]>
            </message>
            <full-stacktrace>
              <![CDATA[org.openqa.selenium.ElementClickInterceptedException: element click intercepted: Element <li class="btn btn-light active" id="item-4">...</li> is not clickable at point (199, 629). Other element would receive the click: <div id="fixedban" style="width:100%;margin:auto;text-align:center;float:none;overflow:hidden;display:scroll;position:fixed;bottom:0;z-index:9999999">...</div>
  (Session info: chrome=96.0.4664.45)
Build info: version: '3.141.59', revision: 'e82be7d358', time: '2018-11-14T08:25:48'
System info: host: 'DESKTOP-BF2C6C6', ip: '192.168.1.10', os.name: 'Windows 10', os.arch: 'amd64', os.version: '10.0', java.version: '1.8.0_311'
Driver info: org.openqa.selenium.chrome.ChromeDriver
Capabilities {acceptInsecureCerts: false, browserName: chrome, browserVersion: 96.0.4664.45, chrome: {chromedriverVersion: 95.0.4638.17 (a9d0719444d4b..., userDataDir: C:\Users\Dell\AppData\Local...}, goog:chromeOptions: {debuggerAddress: localhost:53924}, javascriptEnabled: true, networkConnectionEnabled: false, pageLoadStrategy: normal, platform: WINDOWS, platformName: WINDOWS, proxy: Proxy(), setWindowRect: true, strictFileInteractability: false, timeouts: {implicit: 0, pageLoad: 300000, script: 30000}, unhandledPromptBehavior: dismiss and notify, webauthn:extension:credBlob: true, webauthn:extension:largeBlob: true, webauthn:virtualAuthenticators: true}
Session ID: 7ac6c77dc5f287f492c964f04c93a349
at sun.reflect.NativeConstructorAccessorImpl.newInstance0(Native Method)
at sun.reflect.NativeConstructorAccessorImpl.newInstance(Unknown Source)
at sun.reflect.DelegatingConstructorAccessorImpl.newInstance(Unknown Source)
at java.lang.reflect.Constructor.newInstance(Unknown Source)
at org.openqa.selenium.remote.http.W3CHttpResponseCodec.createException(W3CHttpResponseCodec.java:187)
at org.openqa.selenium.remote.http.W3CHttpResponseCodec.decode(W3CHttpResponseCodec.java:122)
at org.openqa.selenium.remote.http.W3CHttpResponseCodec.decode(W3CHttpResponseCodec.java:49)
at org.openqa.selenium.remote.HttpCommandExecutor.execute(HttpCommandExecutor.java:158)
at org.openqa.selenium.remote.service.DriverCommandExecutor.execute(DriverCommandExecutor.java:83)
at org.openqa.selenium.remote.RemoteWebDriver.execute(RemoteWebDriver.java:552)
at org.openqa.selenium.remote.RemoteWebElement.execute(RemoteWebElement.java:285)
at org.openqa.selenium.remote.RemoteWebElement.click(RemoteWebElement.java:84)
at projekatPages.ElementCardItem.clickOnItems(ElementCardItem.java:80)
at projekatTests.ProjekatTests.itemsOnElementsCardAreClickable(ProjekatTests.java:124)
at sun.reflect.NativeMethodAccessorImpl.invoke0(Native Method)
at sun.reflect.NativeMethodAccessorImpl.invoke(Unknown Source)
at sun.reflect.DelegatingMethodAccessorImpl.invoke(Unknown Source)
at java.lang.reflect.Method.invoke(Unknown Source)
at org.testng.internal.MethodInvocationHelper.invokeMethod(MethodInvocationHelper.java:133)
at org.testng.internal.TestInvoker.invokeMethod(TestInvoker.java:598)
at org.testng.internal.TestInvoker.invokeTestMethod(TestInvoker.java:173)
at org.testng.internal.MethodRunner.runInSequence(MethodRunner.java:46)
at org.testng.internal.TestInvoker$MethodInvocationAgent.invoke(TestInvoker.java:824)
at org.testng.internal.TestInvoker.invokeTestMethods(TestInvoker.java:146)
at org.testng.internal.TestMethodWorker.invokeTestMethods(TestMethodWorker.java:146)
at org.testng.internal.TestMethodWorker.run(TestMethodWorker.java:128)
at java.util.ArrayList.forEach(Unknown Source)
at org.testng.TestRunner.privateRun(TestRunner.java:794)
at org.testng.TestRunner.run(TestRunner.java:596)
at org.testng.SuiteRunner.runTest(SuiteRunner.java:377)
at org.testng.SuiteRunner.runSequentially(SuiteRunner.java:371)
at org.testng.SuiteRunner.privateRun(SuiteRunner.java:332)
at org.testng.SuiteRunner.run(SuiteRunner.java:276)
at org.testng.SuiteRunnerWorker.runSuite(SuiteRunnerWorker.java:53)
at org.testng.SuiteRunnerWorker.run(SuiteRunnerWorker.java:96)
at org.testng.TestNG.runSuitesSequentially(TestNG.java:1212)
at org.testng.TestNG.runSuitesLocally(TestNG.java:1134)
at org.testng.TestNG.runSuites(TestNG.java:1063)
at org.testng.TestNG.run(TestNG.java:1031)
at org.testng.remote.AbstractRemoteTestNG.run(AbstractRemoteTestNG.java:115)
at org.testng.remote.RemoteTestNG.initAndRun(RemoteTestNG.java:251)
at org.testng.remote.RemoteTestNG.main(RemoteTestNG.java:77)
]]>
            </full-stacktrace>
          </exception> <!-- org.openqa.selenium.ElementClickInterceptedException -->
          <reporter-output>
          </reporter-output>
        </test-method> <!-- itemsOnElementsCardAreClickable -->
        <test-method status="PASS" signature="afterMethod()[pri:0, instance:projekatTests.ProjekatTests@3cb1ffe6]" name="afterMethod" is-config="true" duration-ms="26" started-at="2021-12-06T16:53:36 CET" finished-at="2021-12-06T16:53:36 CET">
          <reporter-output>
          </reporter-output>
        </test-method> <!-- afterMethod -->
        <test-method status="PASS" signature="pageSetUp()[pri:0, instance:projekatTests.ProjekatTests@3cb1ffe6]" name="pageSetUp" is-config="true" duration-ms="1149" started-at="2021-12-06T16:53:36 CET" finished-at="2021-12-06T16:53:37 CET">
          <reporter-output>
          </reporter-output>
        </test-method> <!-- pageSetUp -->
        <test-method status="PASS" signature="populateFormWhichAppearWhenUserClickOnTextBoxItemAndThenClickSubmitButton()[pri:60, instance:projekatTests.ProjekatTests@3cb1ffe6]" name="populateFormWhichAppearWhenUserClickOnTextBoxItemAndThenClickSubmitButton" duration-ms="2697" started-at="2021-12-06T16:53:37 CET" finished-at="2021-12-06T16:53:40 CET">
          <reporter-output>
          </reporter-output>
        </test-method> <!-- populateFormWhichAppearWhenUserClickOnTextBoxItemAndThenClickSubmitButton -->
        <test-method status="PASS" signature="afterMethod()[pri:0, instance:projekatTests.ProjekatTests@3cb1ffe6]" name="afterMethod" is-config="true" duration-ms="13" started-at="2021-12-06T16:53:40 CET" finished-at="2021-12-06T16:53:40 CET">
          <reporter-output>
          </reporter-output>
        </test-method> <!-- afterMethod -->
        <test-method status="PASS" signature="pageSetUp()[pri:0, instance:projekatTests.ProjekatTests@3cb1ffe6]" name="pageSetUp" is-config="true" duration-ms="1265" started-at="2021-12-06T16:53:40 CET" finished-at="2021-12-06T16:53:41 CET">
          <reporter-output>
          </reporter-output>
        </test-method> <!-- pageSetUp -->
        <test-method status="FAIL" signature="dataEnteredInTextBoxFormBeforeAndAfterSubmit()[pri:70, instance:projekatTests.ProjekatTests@3cb1ffe6]" name="dataEnteredInTextBoxFormBeforeAndAfterSubmit" duration-ms="3068" started-at="2021-12-06T16:53:41 CET" finished-at="2021-12-06T16:53:44 CET">
          <exception class="java.lang.AssertionError">
            <message>
              <![CDATA[expected [Qq Aa] but found [null]]]>
            </message>
            <full-stacktrace>
              <![CDATA[java.lang.AssertionError: expected [Qq Aa] but found [null]
at org.testng.Assert.fail(Assert.java:99)
at org.testng.Assert.failNotEquals(Assert.java:1037)
at org.testng.Assert.assertEqualsImpl(Assert.java:140)
at org.testng.Assert.assertEquals(Assert.java:122)
at org.testng.Assert.assertEquals(Assert.java:629)
at org.testng.Assert.assertEquals(Assert.java:639)
at projekatTests.ProjekatTests.dataEnteredInTextBoxFormBeforeAndAfterSubmit(ProjekatTests.java:186)
at sun.reflect.NativeMethodAccessorImpl.invoke0(Native Method)
at sun.reflect.NativeMethodAccessorImpl.invoke(Unknown Source)
at sun.reflect.DelegatingMethodAccessorImpl.invoke(Unknown Source)
at java.lang.reflect.Method.invoke(Unknown Source)
at org.testng.internal.MethodInvocationHelper.invokeMethod(MethodInvocationHelper.java:133)
at org.testng.internal.TestInvoker.invokeMethod(TestInvoker.java:598)
at org.testng.internal.TestInvoker.invokeTestMethod(TestInvoker.java:173)
at org.testng.internal.MethodRunner.runInSequence(MethodRunner.java:46)
at org.testng.internal.TestInvoker$MethodInvocationAgent.invoke(TestInvoker.java:824)
at org.testng.internal.TestInvoker.invokeTestMethods(TestInvoker.java:146)
at org.testng.internal.TestMethodWorker.invokeTestMethods(TestMethodWorker.java:146)
at org.testng.internal.TestMethodWorker.run(TestMethodWorker.java:128)
at java.util.ArrayList.forEach(Unknown Source)
at org.testng.TestRunner.privateRun(TestRunner.java:794)
at org.testng.TestRunner.run(TestRunner.java:596)
at org.testng.SuiteRunner.runTest(SuiteRunner.java:377)
at org.testng.SuiteRunner.runSequentially(SuiteRunner.java:371)
at org.testng.SuiteRunner.privateRun(SuiteRunner.java:332)
at org.testng.SuiteRunner.run(SuiteRunner.java:276)
at org.testng.SuiteRunnerWorker.runSuite(SuiteRunnerWorker.java:53)
at org.testng.SuiteRunnerWorker.run(SuiteRunnerWorker.java:96)
at org.testng.TestNG.runSuitesSequentially(TestNG.java:1212)
at org.testng.TestNG.runSuitesLocally(TestNG.java:1134)
at org.testng.TestNG.runSuites(TestNG.java:1063)
at org.testng.TestNG.run(TestNG.java:1031)
at org.testng.remote.AbstractRemoteTestNG.run(AbstractRemoteTestNG.java:115)
at org.testng.remote.RemoteTestNG.initAndRun(RemoteTestNG.java:251)
at org.testng.remote.RemoteTestNG.main(RemoteTestNG.java:77)
]]>
            </full-stacktrace>
          </exception> <!-- java.lang.AssertionError -->
          <reporter-output>
          </reporter-output>
        </test-method> <!-- dataEnteredInTextBoxFormBeforeAndAfterSubmit -->
        <test-method status="PASS" signature="afterMethod()[pri:0, instance:projekatTests.ProjekatTests@3cb1ffe6]" name="afterMethod" is-config="true" duration-ms="19" started-at="2021-12-06T16:53:44 CET" finished-at="2021-12-06T16:53:44 CET">
          <reporter-output>
          </reporter-output>
        </test-method> <!-- afterMethod -->
        <test-method status="PASS" signature="pageSetUp()[pri:0, instance:projekatTests.ProjekatTests@3cb1ffe6]" name="pageSetUp" is-config="true" duration-ms="864" started-at="2021-12-06T16:53:44 CET" finished-at="2021-12-06T16:53:45 CET">
          <reporter-output>
          </reporter-output>
        </test-method> <!-- pageSetUp -->
        <test-method status="FAIL" signature="selectHomeFromCheckBoxItem()[pri:80, instance:projekatTests.ProjekatTests@3cb1ffe6]" name="selectHomeFromCheckBoxItem" duration-ms="5594" started-at="2021-12-06T16:53:45 CET" finished-at="2021-12-06T16:53:51 CET">
          <exception class="java.lang.AssertionError">
            <message>
              <![CDATA[expected [true] but found [false]]]>
            </message>
            <full-stacktrace>
              <![CDATA[java.lang.AssertionError: expected [true] but found [false]
at org.testng.Assert.fail(Assert.java:99)
at org.testng.Assert.failNotEquals(Assert.java:1037)
at org.testng.Assert.assertTrue(Assert.java:45)
at org.testng.Assert.assertTrue(Assert.java:55)
at projekatTests.ProjekatTests.selectHomeFromCheckBoxItem(ProjekatTests.java:205)
at sun.reflect.NativeMethodAccessorImpl.invoke0(Native Method)
at sun.reflect.NativeMethodAccessorImpl.invoke(Unknown Source)
at sun.reflect.DelegatingMethodAccessorImpl.invoke(Unknown Source)
at java.lang.reflect.Method.invoke(Unknown Source)
at org.testng.internal.MethodInvocationHelper.invokeMethod(MethodInvocationHelper.java:133)
at org.testng.internal.TestInvoker.invokeMethod(TestInvoker.java:598)
at org.testng.internal.TestInvoker.invokeTestMethod(TestInvoker.java:173)
at org.testng.internal.MethodRunner.runInSequence(MethodRunner.java:46)
at org.testng.internal.TestInvoker$MethodInvocationAgent.invoke(TestInvoker.java:824)
at org.testng.internal.TestInvoker.invokeTestMethods(TestInvoker.java:146)
at org.testng.internal.TestMethodWorker.invokeTestMethods(TestMethodWorker.java:146)
at org.testng.internal.TestMethodWorker.run(TestMethodWorker.java:128)
at java.util.ArrayList.forEach(Unknown Source)
at org.testng.TestRunner.privateRun(TestRunner.java:794)
at org.testng.TestRunner.run(TestRunner.java:596)
at org.testng.SuiteRunner.runTest(SuiteRunner.java:377)
at org.testng.SuiteRunner.runSequentially(SuiteRunner.java:371)
at org.testng.SuiteRunner.privateRun(SuiteRunner.java:332)
at org.testng.SuiteRunner.run(SuiteRunner.java:276)
at org.testng.SuiteRunnerWorker.runSuite(SuiteRunnerWorker.java:53)
at org.testng.SuiteRunnerWorker.run(SuiteRunnerWorker.java:96)
at org.testng.TestNG.runSuitesSequentially(TestNG.java:1212)
at org.testng.TestNG.runSuitesLocally(TestNG.java:1134)
at org.testng.TestNG.runSuites(TestNG.java:1063)
at org.testng.TestNG.run(TestNG.java:1031)
at org.testng.remote.AbstractRemoteTestNG.run(AbstractRemoteTestNG.java:115)
at org.testng.remote.RemoteTestNG.initAndRun(RemoteTestNG.java:251)
at org.testng.remote.RemoteTestNG.main(RemoteTestNG.java:77)
]]>
            </full-stacktrace>
          </exception> <!-- java.lang.AssertionError -->
          <reporter-output>
          </reporter-output>
        </test-method> <!-- selectHomeFromCheckBoxItem -->
        <test-method status="PASS" signature="afterMethod()[pri:0, instance:projekatTests.ProjekatTests@3cb1ffe6]" name="afterMethod" is-config="true" duration-ms="21" started-at="2021-12-06T16:53:51 CET" finished-at="2021-12-06T16:53:51 CET">
          <reporter-output>
          </reporter-output>
        </test-method> <!-- afterMethod -->
        <test-method status="PASS" signature="pageSetUp()[pri:0, instance:projekatTests.ProjekatTests@3cb1ffe6]" name="pageSetUp" is-config="true" duration-ms="979" started-at="2021-12-06T16:53:51 CET" finished-at="2021-12-06T16:53:52 CET">
          <reporter-output>
          </reporter-output>
        </test-method> <!-- pageSetUp -->
        <test-method status="PASS" signature="selectHomeArrow()[pri:90, instance:projekatTests.ProjekatTests@3cb1ffe6]" name="selectHomeArrow" duration-ms="5682" started-at="2021-12-06T16:53:52 CET" finished-at="2021-12-06T16:53:58 CET">
          <reporter-output>
          </reporter-output>
        </test-method> <!-- selectHomeArrow -->
        <test-method status="PASS" signature="afterMethod()[pri:0, instance:projekatTests.ProjekatTests@3cb1ffe6]" name="afterMethod" is-config="true" duration-ms="21" started-at="2021-12-06T16:53:58 CET" finished-at="2021-12-06T16:53:58 CET">
          <reporter-output>
          </reporter-output>
        </test-method> <!-- afterMethod -->
        <test-method status="PASS" signature="pageSetUp()[pri:0, instance:projekatTests.ProjekatTests@3cb1ffe6]" name="pageSetUp" is-config="true" duration-ms="898" started-at="2021-12-06T16:53:58 CET" finished-at="2021-12-06T16:53:58 CET">
          <reporter-output>
          </reporter-output>
        </test-method> <!-- pageSetUp -->
        <test-method status="FAIL" signature="selectDesktop()[pri:100, instance:projekatTests.ProjekatTests@3cb1ffe6]" name="selectDesktop" duration-ms="1804" started-at="2021-12-06T16:53:58 CET" finished-at="2021-12-06T16:54:00 CET">
          <exception class="org.openqa.selenium.ElementNotInteractableException">
            <message>
              <![CDATA[element not interactable
  (Session info: chrome=96.0.4664.45)
Build info: version: '3.141.59', revision: 'e82be7d358', time: '2018-11-14T08:25:48'
System info: host: 'DESKTOP-BF2C6C6', ip: '192.168.1.10', os.name: 'Windows 10', os.arch: 'amd64', os.version: '10.0', java.version: '1.8.0_311'
Driver info: org.openqa.selenium.chrome.ChromeDriver
Capabilities {acceptInsecureCerts: false, browserName: chrome, browserVersion: 96.0.4664.45, chrome: {chromedriverVersion: 95.0.4638.17 (a9d0719444d4b..., userDataDir: C:\Users\Dell\AppData\Local...}, goog:chromeOptions: {debuggerAddress: localhost:53924}, javascriptEnabled: true, networkConnectionEnabled: false, pageLoadStrategy: normal, platform: WINDOWS, platformName: WINDOWS, proxy: Proxy(), setWindowRect: true, strictFileInteractability: false, timeouts: {implicit: 0, pageLoad: 300000, script: 30000}, unhandledPromptBehavior: dismiss and notify, webauthn:extension:credBlob: true, webauthn:extension:largeBlob: true, webauthn:virtualAuthenticators: true}
Session ID: 7ac6c77dc5f287f492c964f04c93a349]]>
            </message>
            <full-stacktrace>
              <![CDATA[org.openqa.selenium.ElementNotInteractableException: element not interactable
  (Session info: chrome=96.0.4664.45)
Build info: version: '3.141.59', revision: 'e82be7d358', time: '2018-11-14T08:25:48'
System info: host: 'DESKTOP-BF2C6C6', ip: '192.168.1.10', os.name: 'Windows 10', os.arch: 'amd64', os.version: '10.0', java.version: '1.8.0_311'
Driver info: org.openqa.selenium.chrome.ChromeDriver
Capabilities {acceptInsecureCerts: false, browserName: chrome, browserVersion: 96.0.4664.45, chrome: {chromedriverVersion: 95.0.4638.17 (a9d0719444d4b..., userDataDir: C:\Users\Dell\AppData\Local...}, goog:chromeOptions: {debuggerAddress: localhost:53924}, javascriptEnabled: true, networkConnectionEnabled: false, pageLoadStrategy: normal, platform: WINDOWS, platformName: WINDOWS, proxy: Proxy(), setWindowRect: true, strictFileInteractability: false, timeouts: {implicit: 0, pageLoad: 300000, script: 30000}, unhandledPromptBehavior: dismiss and notify, webauthn:extension:credBlob: true, webauthn:extension:largeBlob: true, webauthn:virtualAuthenticators: true}
Session ID: 7ac6c77dc5f287f492c964f04c93a349
at sun.reflect.NativeConstructorAccessorImpl.newInstance0(Native Method)
at sun.reflect.NativeConstructorAccessorImpl.newInstance(Unknown Source)
at sun.reflect.DelegatingConstructorAccessorImpl.newInstance(Unknown Source)
at java.lang.reflect.Constructor.newInstance(Unknown Source)
at org.openqa.selenium.remote.http.W3CHttpResponseCodec.createException(W3CHttpResponseCodec.java:187)
at org.openqa.selenium.remote.http.W3CHttpResponseCodec.decode(W3CHttpResponseCodec.java:122)
at org.openqa.selenium.remote.http.W3CHttpResponseCodec.decode(W3CHttpResponseCodec.java:49)
at org.openqa.selenium.remote.HttpCommandExecutor.execute(HttpCommandExecutor.java:158)
at org.openqa.selenium.remote.service.DriverCommandExecutor.execute(DriverCommandExecutor.java:83)
at org.openqa.selenium.remote.RemoteWebDriver.execute(RemoteWebDriver.java:552)
at org.openqa.selenium.remote.RemoteWebElement.execute(RemoteWebElement.java:285)
at org.openqa.selenium.remote.RemoteWebElement.click(RemoteWebElement.java:84)
at projekatPages.ElementCardItem.clickOnItems(ElementCardItem.java:80)
at projekatTests.ProjekatTests.selectDesktop(ProjekatTests.java:236)
at sun.reflect.NativeMethodAccessorImpl.invoke0(Native Method)
at sun.reflect.NativeMethodAccessorImpl.invoke(Unknown Source)
at sun.reflect.DelegatingMethodAccessorImpl.invoke(Unknown Source)
at java.lang.reflect.Method.invoke(Unknown Source)
at org.testng.internal.MethodInvocationHelper.invokeMethod(MethodInvocationHelper.java:133)
at org.testng.internal.TestInvoker.invokeMethod(TestInvoker.java:598)
at org.testng.internal.TestInvoker.invokeTestMethod(TestInvoker.java:173)
at org.testng.internal.MethodRunner.runInSequence(MethodRunner.java:46)
at org.testng.internal.TestInvoker$MethodInvocationAgent.invoke(TestInvoker.java:824)
at org.testng.internal.TestInvoker.invokeTestMethods(TestInvoker.java:146)
at org.testng.internal.TestMethodWorker.invokeTestMethods(TestMethodWorker.java:146)
at org.testng.internal.TestMethodWorker.run(TestMethodWorker.java:128)
at java.util.ArrayList.forEach(Unknown Source)
at org.testng.TestRunner.privateRun(TestRunner.java:794)
at org.testng.TestRunner.run(TestRunner.java:596)
at org.testng.SuiteRunner.runTest(SuiteRunner.java:377)
at org.testng.SuiteRunner.runSequentially(SuiteRunner.java:371)
at org.testng.SuiteRunner.privateRun(SuiteRunner.java:332)
at org.testng.SuiteRunner.run(SuiteRunner.java:276)
at org.testng.SuiteRunnerWorker.runSuite(SuiteRunnerWorker.java:53)
at org.testng.SuiteRunnerWorker.run(SuiteRunnerWorker.java:96)
at org.testng.TestNG.runSuitesSequentially(TestNG.java:1212)
at org.testng.TestNG.runSuitesLocally(TestNG.java:1134)
at org.testng.TestNG.runSuites(TestNG.java:1063)
at org.testng.TestNG.run(TestNG.java:1031)
at org.testng.remote.AbstractRemoteTestNG.run(AbstractRemoteTestNG.java:115)
at org.testng.remote.RemoteTestNG.initAndRun(RemoteTestNG.java:251)
at org.testng.remote.RemoteTestNG.main(RemoteTestNG.java:77)
]]>
            </full-stacktrace>
          </exception> <!-- org.openqa.selenium.ElementNotInteractableException -->
          <reporter-output>
          </reporter-output>
        </test-method> <!-- selectDesktop -->
        <test-method status="PASS" signature="afterMethod()[pri:0, instance:projekatTests.ProjekatTests@3cb1ffe6]" name="afterMethod" is-config="true" duration-ms="15" started-at="2021-12-06T16:54:00 CET" finished-at="2021-12-06T16:54:00 CET">
          <reporter-output>
          </reporter-output>
        </test-method> <!-- afterMethod -->
        <test-method status="PASS" signature="pageSetUp()[pri:0, instance:projekatTests.ProjekatTests@3cb1ffe6]" name="pageSetUp" is-config="true" duration-ms="1233" started-at="2021-12-06T16:54:00 CET" finished-at="2021-12-06T16:54:02 CET">
          <reporter-output>
          </reporter-output>
        </test-method> <!-- pageSetUp -->
        <test-method status="FAIL" signature="selectDocuments()[pri:110, instance:projekatTests.ProjekatTests@3cb1ffe6]" name="selectDocuments" duration-ms="8528" started-at="2021-12-06T16:54:02 CET" finished-at="2021-12-06T16:54:10 CET">
          <exception class="java.lang.AssertionError">
            <message>
              <![CDATA[expected [true] but found [false]]]>
            </message>
            <full-stacktrace>
              <![CDATA[java.lang.AssertionError: expected [true] but found [false]
at org.testng.Assert.fail(Assert.java:99)
at org.testng.Assert.failNotEquals(Assert.java:1037)
at org.testng.Assert.assertTrue(Assert.java:45)
at org.testng.Assert.assertTrue(Assert.java:55)
at projekatTests.ProjekatTests.selectDocuments(ProjekatTests.java:259)
at sun.reflect.NativeMethodAccessorImpl.invoke0(Native Method)
at sun.reflect.NativeMethodAccessorImpl.invoke(Unknown Source)
at sun.reflect.DelegatingMethodAccessorImpl.invoke(Unknown Source)
at java.lang.reflect.Method.invoke(Unknown Source)
at org.testng.internal.MethodInvocationHelper.invokeMethod(MethodInvocationHelper.java:133)
at org.testng.internal.TestInvoker.invokeMethod(TestInvoker.java:598)
at org.testng.internal.TestInvoker.invokeTestMethod(TestInvoker.java:173)
at org.testng.internal.MethodRunner.runInSequence(MethodRunner.java:46)
at org.testng.internal.TestInvoker$MethodInvocationAgent.invoke(TestInvoker.java:824)
at org.testng.internal.TestInvoker.invokeTestMethods(TestInvoker.java:146)
at org.testng.internal.TestMethodWorker.invokeTestMethods(TestMethodWorker.java:146)
at org.testng.internal.TestMethodWorker.run(TestMethodWorker.java:128)
at java.util.ArrayList.forEach(Unknown Source)
at org.testng.TestRunner.privateRun(TestRunner.java:794)
at org.testng.TestRunner.run(TestRunner.java:596)
at org.testng.SuiteRunner.runTest(SuiteRunner.java:377)
at org.testng.SuiteRunner.runSequentially(SuiteRunner.java:371)
at org.testng.SuiteRunner.privateRun(SuiteRunner.java:332)
at org.testng.SuiteRunner.run(SuiteRunner.java:276)
at org.testng.SuiteRunnerWorker.runSuite(SuiteRunnerWorker.java:53)
at org.testng.SuiteRunnerWorker.run(SuiteRunnerWorker.java:96)
at org.testng.TestNG.runSuitesSequentially(TestNG.java:1212)
at org.testng.TestNG.runSuitesLocally(TestNG.java:1134)
at org.testng.TestNG.runSuites(TestNG.java:1063)
at org.testng.TestNG.run(TestNG.java:1031)
at org.testng.remote.AbstractRemoteTestNG.run(AbstractRemoteTestNG.java:115)
at org.testng.remote.RemoteTestNG.initAndRun(RemoteTestNG.java:251)
at org.testng.remote.RemoteTestNG.main(RemoteTestNG.java:77)
]]>
            </full-stacktrace>
          </exception> <!-- java.lang.AssertionError -->
          <reporter-output>
          </reporter-output>
        </test-method> <!-- selectDocuments -->
        <test-method status="PASS" signature="afterMethod()[pri:0, instance:projekatTests.ProjekatTests@3cb1ffe6]" name="afterMethod" is-config="true" duration-ms="9" started-at="2021-12-06T16:54:10 CET" finished-at="2021-12-06T16:54:10 CET">
          <reporter-output>
          </reporter-output>
        </test-method> <!-- afterMethod -->
        <test-method status="PASS" signature="pageSetUp()[pri:0, instance:projekatTests.ProjekatTests@3cb1ffe6]" name="pageSetUp" is-config="true" duration-ms="858" started-at="2021-12-06T16:54:10 CET" finished-at="2021-12-06T16:54:11 CET">
          <reporter-output>
          </reporter-output>
        </test-method> <!-- pageSetUp -->
        <test-method status="FAIL" signature="selectDownloads()[pri:120, instance:projekatTests.ProjekatTests@3cb1ffe6]" name="selectDownloads" duration-ms="1829" started-at="2021-12-06T16:54:11 CET" finished-at="2021-12-06T16:54:13 CET">
          <exception class="org.openqa.selenium.ElementNotInteractableException">
            <message>
              <![CDATA[element not interactable
  (Session info: chrome=96.0.4664.45)
Build info: version: '3.141.59', revision: 'e82be7d358', time: '2018-11-14T08:25:48'
System info: host: 'DESKTOP-BF2C6C6', ip: '192.168.1.10', os.name: 'Windows 10', os.arch: 'amd64', os.version: '10.0', java.version: '1.8.0_311'
Driver info: org.openqa.selenium.chrome.ChromeDriver
Capabilities {acceptInsecureCerts: false, browserName: chrome, browserVersion: 96.0.4664.45, chrome: {chromedriverVersion: 95.0.4638.17 (a9d0719444d4b..., userDataDir: C:\Users\Dell\AppData\Local...}, goog:chromeOptions: {debuggerAddress: localhost:53924}, javascriptEnabled: true, networkConnectionEnabled: false, pageLoadStrategy: normal, platform: WINDOWS, platformName: WINDOWS, proxy: Proxy(), setWindowRect: true, strictFileInteractability: false, timeouts: {implicit: 0, pageLoad: 300000, script: 30000}, unhandledPromptBehavior: dismiss and notify, webauthn:extension:credBlob: true, webauthn:extension:largeBlob: true, webauthn:virtualAuthenticators: true}
Session ID: 7ac6c77dc5f287f492c964f04c93a349]]>
            </message>
            <full-stacktrace>
              <![CDATA[org.openqa.selenium.ElementNotInteractableException: element not interactable
  (Session info: chrome=96.0.4664.45)
Build info: version: '3.141.59', revision: 'e82be7d358', time: '2018-11-14T08:25:48'
System info: host: 'DESKTOP-BF2C6C6', ip: '192.168.1.10', os.name: 'Windows 10', os.arch: 'amd64', os.version: '10.0', java.version: '1.8.0_311'
Driver info: org.openqa.selenium.chrome.ChromeDriver
Capabilities {acceptInsecureCerts: false, browserName: chrome, browserVersion: 96.0.4664.45, chrome: {chromedriverVersion: 95.0.4638.17 (a9d0719444d4b..., userDataDir: C:\Users\Dell\AppData\Local...}, goog:chromeOptions: {debuggerAddress: localhost:53924}, javascriptEnabled: true, networkConnectionEnabled: false, pageLoadStrategy: normal, platform: WINDOWS, platformName: WINDOWS, proxy: Proxy(), setWindowRect: true, strictFileInteractability: false, timeouts: {implicit: 0, pageLoad: 300000, script: 30000}, unhandledPromptBehavior: dismiss and notify, webauthn:extension:credBlob: true, webauthn:extension:largeBlob: true, webauthn:virtualAuthenticators: true}
Session ID: 7ac6c77dc5f287f492c964f04c93a349
at sun.reflect.NativeConstructorAccessorImpl.newInstance0(Native Method)
at sun.reflect.NativeConstructorAccessorImpl.newInstance(Unknown Source)
at sun.reflect.DelegatingConstructorAccessorImpl.newInstance(Unknown Source)
at java.lang.reflect.Constructor.newInstance(Unknown Source)
at org.openqa.selenium.remote.http.W3CHttpResponseCodec.createException(W3CHttpResponseCodec.java:187)
at org.openqa.selenium.remote.http.W3CHttpResponseCodec.decode(W3CHttpResponseCodec.java:122)
at org.openqa.selenium.remote.http.W3CHttpResponseCodec.decode(W3CHttpResponseCodec.java:49)
at org.openqa.selenium.remote.HttpCommandExecutor.execute(HttpCommandExecutor.java:158)
at org.openqa.selenium.remote.service.DriverCommandExecutor.execute(DriverCommandExecutor.java:83)
at org.openqa.selenium.remote.RemoteWebDriver.execute(RemoteWebDriver.java:552)
at org.openqa.selenium.remote.RemoteWebElement.execute(RemoteWebElement.java:285)
at org.openqa.selenium.remote.RemoteWebElement.click(RemoteWebElement.java:84)
at projekatPages.ElementCardItem.clickOnItems(ElementCardItem.java:80)
at projekatTests.ProjekatTests.selectDownloads(ProjekatTests.java:270)
at sun.reflect.NativeMethodAccessorImpl.invoke0(Native Method)
at sun.reflect.NativeMethodAccessorImpl.invoke(Unknown Source)
at sun.reflect.DelegatingMethodAccessorImpl.invoke(Unknown Source)
at java.lang.reflect.Method.invoke(Unknown Source)
at org.testng.internal.MethodInvocationHelper.invokeMethod(MethodInvocationHelper.java:133)
at org.testng.internal.TestInvoker.invokeMethod(TestInvoker.java:598)
at org.testng.internal.TestInvoker.invokeTestMethod(TestInvoker.java:173)
at org.testng.internal.MethodRunner.runInSequence(MethodRunner.java:46)
at org.testng.internal.TestInvoker$MethodInvocationAgent.invoke(TestInvoker.java:824)
at org.testng.internal.TestInvoker.invokeTestMethods(TestInvoker.java:146)
at org.testng.internal.TestMethodWorker.invokeTestMethods(TestMethodWorker.java:146)
at org.testng.internal.TestMethodWorker.run(TestMethodWorker.java:128)
at java.util.ArrayList.forEach(Unknown Source)
at org.testng.TestRunner.privateRun(TestRunner.java:794)
at org.testng.TestRunner.run(TestRunner.java:596)
at org.testng.SuiteRunner.runTest(SuiteRunner.java:377)
at org.testng.SuiteRunner.runSequentially(SuiteRunner.java:371)
at org.testng.SuiteRunner.privateRun(SuiteRunner.java:332)
at org.testng.SuiteRunner.run(SuiteRunner.java:276)
at org.testng.SuiteRunnerWorker.runSuite(SuiteRunnerWorker.java:53)
at org.testng.SuiteRunnerWorker.run(SuiteRunnerWorker.java:96)
at org.testng.TestNG.runSuitesSequentially(TestNG.java:1212)
at org.testng.TestNG.runSuitesLocally(TestNG.java:1134)
at org.testng.TestNG.runSuites(TestNG.java:1063)
at org.testng.TestNG.run(TestNG.java:1031)
at org.testng.remote.AbstractRemoteTestNG.run(AbstractRemoteTestNG.java:115)
at org.testng.remote.RemoteTestNG.initAndRun(RemoteTestNG.java:251)
at org.testng.remote.RemoteTestNG.main(RemoteTestNG.java:77)
]]>
            </full-stacktrace>
          </exception> <!-- org.openqa.selenium.ElementNotInteractableException -->
          <reporter-output>
          </reporter-output>
        </test-method> <!-- selectDownloads -->
        <test-method status="PASS" signature="afterMethod()[pri:0, instance:projekatTests.ProjekatTests@3cb1ffe6]" name="afterMethod" is-config="true" duration-ms="17" started-at="2021-12-06T16:54:13 CET" finished-at="2021-12-06T16:54:13 CET">
          <reporter-output>
          </reporter-output>
        </test-method> <!-- afterMethod -->
        <test-method status="PASS" signature="pageSetUp()[pri:0, instance:projekatTests.ProjekatTests@3cb1ffe6]" name="pageSetUp" is-config="true" duration-ms="903" started-at="2021-12-06T16:54:13 CET" finished-at="2021-12-06T16:54:14 CET">
          <reporter-output>
          </reporter-output>
        </test-method> <!-- pageSetUp -->
        <test-method status="PASS" signature="openRadioButtonPage()[pri:130, instance:projekatTests.ProjekatTests@3cb1ffe6]" name="openRadioButtonPage" duration-ms="5400" started-at="2021-12-06T16:54:14 CET" finished-at="2021-12-06T16:54:19 CET">
          <reporter-output>
          </reporter-output>
        </test-method> <!-- openRadioButtonPage -->
        <test-method status="PASS" signature="afterMethod()[pri:0, instance:projekatTests.ProjekatTests@3cb1ffe6]" name="afterMethod" is-config="true" duration-ms="9" started-at="2021-12-06T16:54:19 CET" finished-at="2021-12-06T16:54:19 CET">
          <reporter-output>
          </reporter-output>
        </test-method> <!-- afterMethod -->
        <test-method status="PASS" signature="pageSetUp()[pri:0, instance:projekatTests.ProjekatTests@3cb1ffe6]" name="pageSetUp" is-config="true" duration-ms="898" started-at="2021-12-06T16:54:19 CET" finished-at="2021-12-06T16:54:20 CET">
          <reporter-output>
          </reporter-output>
        </test-method> <!-- pageSetUp -->
        <test-method status="PASS" signature="userOnlyCanCliksOnTheOneRadioButton()[pri:140, instance:projekatTests.ProjekatTests@3cb1ffe6]" name="userOnlyCanCliksOnTheOneRadioButton" duration-ms="9338" started-at="2021-12-06T16:54:20 CET" finished-at="2021-12-06T16:54:29 CET">
          <reporter-output>
          </reporter-output>
        </test-method> <!-- userOnlyCanCliksOnTheOneRadioButton -->
        <test-method status="PASS" signature="afterMethod()[pri:0, instance:projekatTests.ProjekatTests@3cb1ffe6]" name="afterMethod" is-config="true" duration-ms="9" started-at="2021-12-06T16:54:29 CET" finished-at="2021-12-06T16:54:29 CET">
          <reporter-output>
          </reporter-output>
        </test-method> <!-- afterMethod -->
        <test-method status="PASS" signature="pageSetUp()[pri:0, instance:projekatTests.ProjekatTests@3cb1ffe6]" name="pageSetUp" is-config="true" duration-ms="971" started-at="2021-12-06T16:54:29 CET" finished-at="2021-12-06T16:54:30 CET">
          <reporter-output>
          </reporter-output>
        </test-method> <!-- pageSetUp -->
        <test-method status="PASS" signature="WebTableIsShowed()[pri:150, instance:projekatTests.ProjekatTests@3cb1ffe6]" name="WebTableIsShowed" duration-ms="5521" started-at="2021-12-06T16:54:30 CET" finished-at="2021-12-06T16:54:36 CET">
          <reporter-output>
          </reporter-output>
        </test-method> <!-- WebTableIsShowed -->
        <test-method status="PASS" signature="afterMethod()[pri:0, instance:projekatTests.ProjekatTests@3cb1ffe6]" name="afterMethod" is-config="true" duration-ms="13" started-at="2021-12-06T16:54:36 CET" finished-at="2021-12-06T16:54:36 CET">
          <reporter-output>
          </reporter-output>
        </test-method> <!-- afterMethod -->
        <test-method status="PASS" signature="pageSetUp()[pri:0, instance:projekatTests.ProjekatTests@3cb1ffe6]" name="pageSetUp" is-config="true" duration-ms="1017" started-at="2021-12-06T16:54:36 CET" finished-at="2021-12-06T16:54:37 CET">
          <reporter-output>
          </reporter-output>
        </test-method> <!-- pageSetUp -->
        <test-method status="PASS" signature="opeAddingRecordForm()[pri:160, instance:projekatTests.ProjekatTests@3cb1ffe6]" name="opeAddingRecordForm" duration-ms="5644" started-at="2021-12-06T16:54:37 CET" finished-at="2021-12-06T16:54:42 CET">
          <reporter-output>
          </reporter-output>
        </test-method> <!-- opeAddingRecordForm -->
        <test-method status="PASS" signature="afterMethod()[pri:0, instance:projekatTests.ProjekatTests@3cb1ffe6]" name="afterMethod" is-config="true" duration-ms="9" started-at="2021-12-06T16:54:42 CET" finished-at="2021-12-06T16:54:42 CET">
          <reporter-output>
          </reporter-output>
        </test-method> <!-- afterMethod -->
        <test-method status="PASS" signature="pageSetUp()[pri:0, instance:projekatTests.ProjekatTests@3cb1ffe6]" name="pageSetUp" is-config="true" duration-ms="892" started-at="2021-12-06T16:54:42 CET" finished-at="2021-12-06T16:54:43 CET">
          <reporter-output>
          </reporter-output>
        </test-method> <!-- pageSetUp -->
        <test-method status="PASS" signature="addRecordInTable()[pri:170, instance:projekatTests.ProjekatTests@3cb1ffe6]" name="addRecordInTable" duration-ms="7275" started-at="2021-12-06T16:54:43 CET" finished-at="2021-12-06T16:54:51 CET">
          <reporter-output>
          </reporter-output>
        </test-method> <!-- addRecordInTable -->
        <test-method status="PASS" signature="afterMethod()[pri:0, instance:projekatTests.ProjekatTests@3cb1ffe6]" name="afterMethod" is-config="true" duration-ms="19" started-at="2021-12-06T16:54:51 CET" finished-at="2021-12-06T16:54:51 CET">
          <reporter-output>
          </reporter-output>
        </test-method> <!-- afterMethod -->
        <test-method status="PASS" signature="pageSetUp()[pri:0, instance:projekatTests.ProjekatTests@3cb1ffe6]" name="pageSetUp" is-config="true" duration-ms="1221" started-at="2021-12-06T16:54:51 CET" finished-at="2021-12-06T16:54:52 CET">
          <reporter-output>
          </reporter-output>
        </test-method> <!-- pageSetUp -->
        <test-method status="PASS" signature="deleteRecordFromTable()[pri:180, instance:projekatTests.ProjekatTests@3cb1ffe6]" name="deleteRecordFromTable" duration-ms="5579" started-at="2021-12-06T16:54:52 CET" finished-at="2021-12-06T16:54:57 CET">
          <reporter-output>
          </reporter-output>
        </test-method> <!-- deleteRecordFromTable -->
        <test-method status="PASS" signature="afterMethod()[pri:0, instance:projekatTests.ProjekatTests@3cb1ffe6]" name="afterMethod" is-config="true" duration-ms="20" started-at="2021-12-06T16:54:57 CET" finished-at="2021-12-06T16:54:58 CET">
          <reporter-output>
          </reporter-output>
        </test-method> <!-- afterMethod -->
        <test-method status="PASS" signature="pageSetUp()[pri:0, instance:projekatTests.ProjekatTests@3cb1ffe6]" name="pageSetUp" is-config="true" duration-ms="889" started-at="2021-12-06T16:54:58 CET" finished-at="2021-12-06T16:54:58 CET">
          <reporter-output>
          </reporter-output>
        </test-method> <!-- pageSetUp -->
        <test-method status="PASS" signature="searchRecord()[pri:190, instance:projekatTests.ProjekatTests@3cb1ffe6]" name="searchRecord" duration-ms="5895" started-at="2021-12-06T16:54:58 CET" finished-at="2021-12-06T16:55:04 CET">
          <reporter-output>
          </reporter-output>
        </test-method> <!-- searchRecord -->
        <test-method status="PASS" signature="afterMethod()[pri:0, instance:projekatTests.ProjekatTests@3cb1ffe6]" name="afterMethod" is-config="true" duration-ms="17" started-at="2021-12-06T16:55:04 CET" finished-at="2021-12-06T16:55:04 CET">
          <reporter-output>
          </reporter-output>
        </test-method> <!-- afterMethod -->
        <test-method status="PASS" signature="pageSetUp()[pri:0, instance:projekatTests.ProjekatTests@3cb1ffe6]" name="pageSetUp" is-config="true" duration-ms="918" started-at="2021-12-06T16:55:04 CET" finished-at="2021-12-06T16:55:05 CET">
          <reporter-output>
          </reporter-output>
        </test-method> <!-- pageSetUp -->
        <test-method status="FAIL" signature="clickButtons()[pri:200, instance:projekatTests.ProjekatTests@3cb1ffe6]" name="clickButtons" duration-ms="6249" started-at="2021-12-06T16:55:05 CET" finished-at="2021-12-06T16:55:11 CET">
          <exception class="org.openqa.selenium.ElementClickInterceptedException">
            <message>
              <![CDATA[element click intercepted: Element <li class="btn btn-light " id="item-4">...</li> is not clickable at point (199, 629). Other element would receive the click: <div id="fixedban" style="width:100%;margin:auto;text-align:center;float:none;overflow:hidden;display:scroll;position:fixed;bottom:0;z-index:9999999">...</div>
  (Session info: chrome=96.0.4664.45)
Build info: version: '3.141.59', revision: 'e82be7d358', time: '2018-11-14T08:25:48'
System info: host: 'DESKTOP-BF2C6C6', ip: '192.168.1.10', os.name: 'Windows 10', os.arch: 'amd64', os.version: '10.0', java.version: '1.8.0_311'
Driver info: org.openqa.selenium.chrome.ChromeDriver
Capabilities {acceptInsecureCerts: false, browserName: chrome, browserVersion: 96.0.4664.45, chrome: {chromedriverVersion: 95.0.4638.17 (a9d0719444d4b..., userDataDir: C:\Users\Dell\AppData\Local...}, goog:chromeOptions: {debuggerAddress: localhost:53924}, javascriptEnabled: true, networkConnectionEnabled: false, pageLoadStrategy: normal, platform: WINDOWS, platformName: WINDOWS, proxy: Proxy(), setWindowRect: true, strictFileInteractability: false, timeouts: {implicit: 0, pageLoad: 300000, script: 30000}, unhandledPromptBehavior: dismiss and notify, webauthn:extension:credBlob: true, webauthn:extension:largeBlob: true, webauthn:virtualAuthenticators: true}
Session ID: 7ac6c77dc5f287f492c964f04c93a349]]>
            </message>
            <full-stacktrace>
              <![CDATA[org.openqa.selenium.ElementClickInterceptedException: element click intercepted: Element <li class="btn btn-light " id="item-4">...</li> is not clickable at point (199, 629). Other element would receive the click: <div id="fixedban" style="width:100%;margin:auto;text-align:center;float:none;overflow:hidden;display:scroll;position:fixed;bottom:0;z-index:9999999">...</div>
  (Session info: chrome=96.0.4664.45)
Build info: version: '3.141.59', revision: 'e82be7d358', time: '2018-11-14T08:25:48'
System info: host: 'DESKTOP-BF2C6C6', ip: '192.168.1.10', os.name: 'Windows 10', os.arch: 'amd64', os.version: '10.0', java.version: '1.8.0_311'
Driver info: org.openqa.selenium.chrome.ChromeDriver
Capabilities {acceptInsecureCerts: false, browserName: chrome, browserVersion: 96.0.4664.45, chrome: {chromedriverVersion: 95.0.4638.17 (a9d0719444d4b..., userDataDir: C:\Users\Dell\AppData\Local...}, goog:chromeOptions: {debuggerAddress: localhost:53924}, javascriptEnabled: true, networkConnectionEnabled: false, pageLoadStrategy: normal, platform: WINDOWS, platformName: WINDOWS, proxy: Proxy(), setWindowRect: true, strictFileInteractability: false, timeouts: {implicit: 0, pageLoad: 300000, script: 30000}, unhandledPromptBehavior: dismiss and notify, webauthn:extension:credBlob: true, webauthn:extension:largeBlob: true, webauthn:virtualAuthenticators: true}
Session ID: 7ac6c77dc5f287f492c964f04c93a349
at sun.reflect.NativeConstructorAccessorImpl.newInstance0(Native Method)
at sun.reflect.NativeConstructorAccessorImpl.newInstance(Unknown Source)
at sun.reflect.DelegatingConstructorAccessorImpl.newInstance(Unknown Source)
at java.lang.reflect.Constructor.newInstance(Unknown Source)
at org.openqa.selenium.remote.http.W3CHttpResponseCodec.createException(W3CHttpResponseCodec.java:187)
at org.openqa.selenium.remote.http.W3CHttpResponseCodec.decode(W3CHttpResponseCodec.java:122)
at org.openqa.selenium.remote.http.W3CHttpResponseCodec.decode(W3CHttpResponseCodec.java:49)
at org.openqa.selenium.remote.HttpCommandExecutor.execute(HttpCommandExecutor.java:158)
at org.openqa.selenium.remote.service.DriverCommandExecutor.execute(DriverCommandExecutor.java:83)
at org.openqa.selenium.remote.RemoteWebDriver.execute(RemoteWebDriver.java:552)
at org.openqa.selenium.remote.RemoteWebElement.execute(RemoteWebElement.java:285)
at org.openqa.selenium.remote.RemoteWebElement.click(RemoteWebElement.java:84)
at projekatPages.ElementCardItem.clickOnItems(ElementCardItem.java:80)
at projekatTests.ProjekatTests.clickButtons(ProjekatTests.java:413)
at sun.reflect.NativeMethodAccessorImpl.invoke0(Native Method)
at sun.reflect.NativeMethodAccessorImpl.invoke(Unknown Source)
at sun.reflect.DelegatingMethodAccessorImpl.invoke(Unknown Source)
at java.lang.reflect.Method.invoke(Unknown Source)
at org.testng.internal.MethodInvocationHelper.invokeMethod(MethodInvocationHelper.java:133)
at org.testng.internal.TestInvoker.invokeMethod(TestInvoker.java:598)
at org.testng.internal.TestInvoker.invokeTestMethod(TestInvoker.java:173)
at org.testng.internal.MethodRunner.runInSequence(MethodRunner.java:46)
at org.testng.internal.TestInvoker$MethodInvocationAgent.invoke(TestInvoker.java:824)
at org.testng.internal.TestInvoker.invokeTestMethods(TestInvoker.java:146)
at org.testng.internal.TestMethodWorker.invokeTestMethods(TestMethodWorker.java:146)
at org.testng.internal.TestMethodWorker.run(TestMethodWorker.java:128)
at java.util.ArrayList.forEach(Unknown Source)
at org.testng.TestRunner.privateRun(TestRunner.java:794)
at org.testng.TestRunner.run(TestRunner.java:596)
at org.testng.SuiteRunner.runTest(SuiteRunner.java:377)
at org.testng.SuiteRunner.runSequentially(SuiteRunner.java:371)
at org.testng.SuiteRunner.privateRun(SuiteRunner.java:332)
at org.testng.SuiteRunner.run(SuiteRunner.java:276)
at org.testng.SuiteRunnerWorker.runSuite(SuiteRunnerWorker.java:53)
at org.testng.SuiteRunnerWorker.run(SuiteRunnerWorker.java:96)
at org.testng.TestNG.runSuitesSequentially(TestNG.java:1212)
at org.testng.TestNG.runSuitesLocally(TestNG.java:1134)
at org.testng.TestNG.runSuites(TestNG.java:1063)
at org.testng.TestNG.run(TestNG.java:1031)
at org.testng.remote.AbstractRemoteTestNG.run(AbstractRemoteTestNG.java:115)
at org.testng.remote.RemoteTestNG.initAndRun(RemoteTestNG.java:251)
at org.testng.remote.RemoteTestNG.main(RemoteTestNG.java:77)
]]>
            </full-stacktrace>
          </exception> <!-- org.openqa.selenium.ElementClickInterceptedException -->
          <reporter-output>
          </reporter-output>
        </test-method> <!-- clickButtons -->
        <test-method status="PASS" signature="afterMethod()[pri:0, instance:projekatTests.ProjekatTests@3cb1ffe6]" name="afterMethod" is-config="true" duration-ms="16" started-at="2021-12-06T16:55:11 CET" finished-at="2021-12-06T16:55:11 CET">
          <reporter-output>
          </reporter-output>
        </test-method> <!-- afterMethod -->
        <test-method status="PASS" signature="pageSetUp()[pri:0, instance:projekatTests.ProjekatTests@3cb1ffe6]" name="pageSetUp" is-config="true" duration-ms="904" started-at="2021-12-06T16:55:11 CET" finished-at="2021-12-06T16:55:12 CET">
          <reporter-output>
          </reporter-output>
        </test-method> <!-- pageSetUp -->
        <test-method status="PASS" signature="doubleClik()[pri:210, instance:projekatTests.ProjekatTests@3cb1ffe6]" name="doubleClik" duration-ms="9085" started-at="2021-12-06T16:55:12 CET" finished-at="2021-12-06T16:55:21 CET">
          <reporter-output>
          </reporter-output>
        </test-method> <!-- doubleClik -->
        <test-method status="PASS" signature="afterMethod()[pri:0, instance:projekatTests.ProjekatTests@3cb1ffe6]" name="afterMethod" is-config="true" duration-ms="16" started-at="2021-12-06T16:55:21 CET" finished-at="2021-12-06T16:55:22 CET">
          <reporter-output>
          </reporter-output>
        </test-method> <!-- afterMethod -->
        <test-method status="PASS" signature="pageSetUp()[pri:0, instance:projekatTests.ProjekatTests@3cb1ffe6]" name="pageSetUp" is-config="true" duration-ms="911" started-at="2021-12-06T16:55:22 CET" finished-at="2021-12-06T16:55:22 CET">
          <reporter-output>
          </reporter-output>
        </test-method> <!-- pageSetUp -->
        <test-method status="FAIL" signature="rightClick()[pri:220, instance:projekatTests.ProjekatTests@3cb1ffe6]" name="rightClick" duration-ms="9207" started-at="2021-12-06T16:55:22 CET" finished-at="2021-12-06T16:55:32 CET">
          <exception class="java.lang.AssertionError">
            <message>
              <![CDATA[expected [You have done a right click] but found [Right Click Me]]]>
            </message>
            <full-stacktrace>
              <![CDATA[java.lang.AssertionError: expected [You have done a right click] but found [Right Click Me]
at org.testng.Assert.fail(Assert.java:99)
at org.testng.Assert.failNotEquals(Assert.java:1037)
at org.testng.Assert.assertEqualsImpl(Assert.java:140)
at org.testng.Assert.assertEquals(Assert.java:122)
at org.testng.Assert.assertEquals(Assert.java:629)
at org.testng.Assert.assertEquals(Assert.java:639)
at projekatTests.ProjekatTests.rightClick(ProjekatTests.java:452)
at sun.reflect.NativeMethodAccessorImpl.invoke0(Native Method)
at sun.reflect.NativeMethodAccessorImpl.invoke(Unknown Source)
at sun.reflect.DelegatingMethodAccessorImpl.invoke(Unknown Source)
at java.lang.reflect.Method.invoke(Unknown Source)
at org.testng.internal.MethodInvocationHelper.invokeMethod(MethodInvocationHelper.java:133)
at org.testng.internal.TestInvoker.invokeMethod(TestInvoker.java:598)
at org.testng.internal.TestInvoker.invokeTestMethod(TestInvoker.java:173)
at org.testng.internal.MethodRunner.runInSequence(MethodRunner.java:46)
at org.testng.internal.TestInvoker$MethodInvocationAgent.invoke(TestInvoker.java:824)
at org.testng.internal.TestInvoker.invokeTestMethods(TestInvoker.java:146)
at org.testng.internal.TestMethodWorker.invokeTestMethods(TestMethodWorker.java:146)
at org.testng.internal.TestMethodWorker.run(TestMethodWorker.java:128)
at java.util.ArrayList.forEach(Unknown Source)
at org.testng.TestRunner.privateRun(TestRunner.java:794)
at org.testng.TestRunner.run(TestRunner.java:596)
at org.testng.SuiteRunner.runTest(SuiteRunner.java:377)
at org.testng.SuiteRunner.runSequentially(SuiteRunner.java:371)
at org.testng.SuiteRunner.privateRun(SuiteRunner.java:332)
at org.testng.SuiteRunner.run(SuiteRunner.java:276)
at org.testng.SuiteRunnerWorker.runSuite(SuiteRunnerWorker.java:53)
at org.testng.SuiteRunnerWorker.run(SuiteRunnerWorker.java:96)
at org.testng.TestNG.runSuitesSequentially(TestNG.java:1212)
at org.testng.TestNG.runSuitesLocally(TestNG.java:1134)
at org.testng.TestNG.runSuites(TestNG.java:1063)
at org.testng.TestNG.run(TestNG.java:1031)
at org.testng.remote.AbstractRemoteTestNG.run(AbstractRemoteTestNG.java:115)
at org.testng.remote.RemoteTestNG.initAndRun(RemoteTestNG.java:251)
at org.testng.remote.RemoteTestNG.main(RemoteTestNG.java:77)
]]>
            </full-stacktrace>
          </exception> <!-- java.lang.AssertionError -->
          <reporter-output>
          </reporter-output>
        </test-method> <!-- rightClick -->
        <test-method status="PASS" signature="afterMethod()[pri:0, instance:projekatTests.ProjekatTests@3cb1ffe6]" name="afterMethod" is-config="true" duration-ms="17" started-at="2021-12-06T16:55:32 CET" finished-at="2021-12-06T16:55:32 CET">
          <reporter-output>
          </reporter-output>
        </test-method> <!-- afterMethod -->
        <test-method status="PASS" signature="pageSetUp()[pri:0, instance:projekatTests.ProjekatTests@3cb1ffe6]" name="pageSetUp" is-config="true" duration-ms="981" started-at="2021-12-06T16:55:32 CET" finished-at="2021-12-06T16:55:33 CET">
          <reporter-output>
          </reporter-output>
        </test-method> <!-- pageSetUp -->
        <test-method status="FAIL" signature="click()[pri:230, instance:projekatTests.ProjekatTests@3cb1ffe6]" name="click" duration-ms="8716" started-at="2021-12-06T16:55:33 CET" finished-at="2021-12-06T16:55:41 CET">
          <exception class="org.openqa.selenium.NoSuchElementException">
            <message>
              <![CDATA[no such element: Unable to locate element: {"method":"css selector","selector":"#EfIPl"}
  (Session info: chrome=96.0.4664.45)
For documentation on this error, please visit: https://www.seleniumhq.org/exceptions/no_such_element.html
Build info: version: '3.141.59', revision: 'e82be7d358', time: '2018-11-14T08:25:48'
System info: host: 'DESKTOP-BF2C6C6', ip: '192.168.1.10', os.name: 'Windows 10', os.arch: 'amd64', os.version: '10.0', java.version: '1.8.0_311'
Driver info: org.openqa.selenium.chrome.ChromeDriver
Capabilities {acceptInsecureCerts: false, browserName: chrome, browserVersion: 96.0.4664.45, chrome: {chromedriverVersion: 95.0.4638.17 (a9d0719444d4b..., userDataDir: C:\Users\Dell\AppData\Local...}, goog:chromeOptions: {debuggerAddress: localhost:53924}, javascriptEnabled: true, networkConnectionEnabled: false, pageLoadStrategy: normal, platform: WINDOWS, platformName: WINDOWS, proxy: Proxy(), setWindowRect: true, strictFileInteractability: false, timeouts: {implicit: 0, pageLoad: 300000, script: 30000}, unhandledPromptBehavior: dismiss and notify, webauthn:extension:credBlob: true, webauthn:extension:largeBlob: true, webauthn:virtualAuthenticators: true}
Session ID: 7ac6c77dc5f287f492c964f04c93a349
*** Element info: {Using=id, value=EfIPl}]]>
            </message>
            <full-stacktrace>
              <![CDATA[org.openqa.selenium.NoSuchElementException: no such element: Unable to locate element: {"method":"css selector","selector":"#EfIPl"}
  (Session info: chrome=96.0.4664.45)
For documentation on this error, please visit: https://www.seleniumhq.org/exceptions/no_such_element.html
Build info: version: '3.141.59', revision: 'e82be7d358', time: '2018-11-14T08:25:48'
System info: host: 'DESKTOP-BF2C6C6', ip: '192.168.1.10', os.name: 'Windows 10', os.arch: 'amd64', os.version: '10.0', java.version: '1.8.0_311'
Driver info: org.openqa.selenium.chrome.ChromeDriver
Capabilities {acceptInsecureCerts: false, browserName: chrome, browserVersion: 96.0.4664.45, chrome: {chromedriverVersion: 95.0.4638.17 (a9d0719444d4b..., userDataDir: C:\Users\Dell\AppData\Local...}, goog:chromeOptions: {debuggerAddress: localhost:53924}, javascriptEnabled: true, networkConnectionEnabled: false, pageLoadStrategy: normal, platform: WINDOWS, platformName: WINDOWS, proxy: Proxy(), setWindowRect: true, strictFileInteractability: false, timeouts: {implicit: 0, pageLoad: 300000, script: 30000}, unhandledPromptBehavior: dismiss and notify, webauthn:extension:credBlob: true, webauthn:extension:largeBlob: true, webauthn:virtualAuthenticators: true}
Session ID: 7ac6c77dc5f287f492c964f04c93a349
*** Element info: {Using=id, value=EfIPl}
at sun.reflect.NativeConstructorAccessorImpl.newInstance0(Native Method)
at sun.reflect.NativeConstructorAccessorImpl.newInstance(Unknown Source)
at sun.reflect.DelegatingConstructorAccessorImpl.newInstance(Unknown Source)
at java.lang.reflect.Constructor.newInstance(Unknown Source)
at org.openqa.selenium.remote.http.W3CHttpResponseCodec.createException(W3CHttpResponseCodec.java:187)
at org.openqa.selenium.remote.http.W3CHttpResponseCodec.decode(W3CHttpResponseCodec.java:122)
at org.openqa.selenium.remote.http.W3CHttpResponseCodec.decode(W3CHttpResponseCodec.java:49)
at org.openqa.selenium.remote.HttpCommandExecutor.execute(HttpCommandExecutor.java:158)
at org.openqa.selenium.remote.service.DriverCommandExecutor.execute(DriverCommandExecutor.java:83)
at org.openqa.selenium.remote.RemoteWebDriver.execute(RemoteWebDriver.java:552)
at org.openqa.selenium.remote.RemoteWebDriver.findElement(RemoteWebDriver.java:323)
at org.openqa.selenium.remote.RemoteWebDriver.findElementById(RemoteWebDriver.java:372)
at org.openqa.selenium.By$ById.findElement(By.java:188)
at org.openqa.selenium.remote.RemoteWebDriver.findElement(RemoteWebDriver.java:315)
at projekatPages.ElementCardButtonsItem.getClickMe(ElementCardButtonsItem.java:38)
at projekatPages.ElementCardButtonsItem.clickMe(ElementCardButtonsItem.java:64)
at projekatTests.ProjekatTests.click(ProjekatTests.java:469)
at sun.reflect.NativeMethodAccessorImpl.invoke0(Native Method)
at sun.reflect.NativeMethodAccessorImpl.invoke(Unknown Source)
at sun.reflect.DelegatingMethodAccessorImpl.invoke(Unknown Source)
at java.lang.reflect.Method.invoke(Unknown Source)
at org.testng.internal.MethodInvocationHelper.invokeMethod(MethodInvocationHelper.java:133)
at org.testng.internal.TestInvoker.invokeMethod(TestInvoker.java:598)
at org.testng.internal.TestInvoker.invokeTestMethod(TestInvoker.java:173)
at org.testng.internal.MethodRunner.runInSequence(MethodRunner.java:46)
at org.testng.internal.TestInvoker$MethodInvocationAgent.invoke(TestInvoker.java:824)
at org.testng.internal.TestInvoker.invokeTestMethods(TestInvoker.java:146)
at org.testng.internal.TestMethodWorker.invokeTestMethods(TestMethodWorker.java:146)
at org.testng.internal.TestMethodWorker.run(TestMethodWorker.java:128)
at java.util.ArrayList.forEach(Unknown Source)
at org.testng.TestRunner.privateRun(TestRunner.java:794)
at org.testng.TestRunner.run(TestRunner.java:596)
at org.testng.SuiteRunner.runTest(SuiteRunner.java:377)
at org.testng.SuiteRunner.runSequentially(SuiteRunner.java:371)
at org.testng.SuiteRunner.privateRun(SuiteRunner.java:332)
at org.testng.SuiteRunner.run(SuiteRunner.java:276)
at org.testng.SuiteRunnerWorker.runSuite(SuiteRunnerWorker.java:53)
at org.testng.SuiteRunnerWorker.run(SuiteRunnerWorker.java:96)
at org.testng.TestNG.runSuitesSequentially(TestNG.java:1212)
at org.testng.TestNG.runSuitesLocally(TestNG.java:1134)
at org.testng.TestNG.runSuites(TestNG.java:1063)
at org.testng.TestNG.run(TestNG.java:1031)
at org.testng.remote.AbstractRemoteTestNG.run(AbstractRemoteTestNG.java:115)
at org.testng.remote.RemoteTestNG.initAndRun(RemoteTestNG.java:251)
at org.testng.remote.RemoteTestNG.main(RemoteTestNG.java:77)
]]>
            </full-stacktrace>
          </exception> <!-- org.openqa.selenium.NoSuchElementException -->
          <reporter-output>
          </reporter-output>
        </test-method> <!-- click -->
        <test-method status="PASS" signature="afterMethod()[pri:0, instance:projekatTests.ProjekatTests@3cb1ffe6]" name="afterMethod" is-config="true" duration-ms="16" started-at="2021-12-06T16:55:41 CET" finished-at="2021-12-06T16:55:41 CET">
          <reporter-output>
          </reporter-output>
        </test-method> <!-- afterMethod -->
        <test-method status="PASS" signature="pageSetUp()[pri:0, instance:projekatTests.ProjekatTests@3cb1ffe6]" name="pageSetUp" is-config="true" duration-ms="1025" started-at="2021-12-06T16:55:41 CET" finished-at="2021-12-06T16:55:42 CET">
          <reporter-output>
          </reporter-output>
        </test-method> <!-- pageSetUp -->
        <test-method status="PASS" signature="openLinksItem()[pri:240, instance:projekatTests.ProjekatTests@3cb1ffe6]" name="openLinksItem" duration-ms="5787" started-at="2021-12-06T16:55:42 CET" finished-at="2021-12-06T16:55:48 CET">
          <reporter-output>
          </reporter-output>
        </test-method> <!-- openLinksItem -->
        <test-method status="PASS" signature="afterMethod()[pri:0, instance:projekatTests.ProjekatTests@3cb1ffe6]" name="afterMethod" is-config="true" duration-ms="8" started-at="2021-12-06T16:55:48 CET" finished-at="2021-12-06T16:55:48 CET">
          <reporter-output>
          </reporter-output>
        </test-method> <!-- afterMethod -->
        <test-method status="PASS" signature="pageSetUp()[pri:0, instance:projekatTests.ProjekatTests@3cb1ffe6]" name="pageSetUp" is-config="true" duration-ms="1044" started-at="2021-12-06T16:55:48 CET" finished-at="2021-12-06T16:55:49 CET">
          <reporter-output>
          </reporter-output>
        </test-method> <!-- pageSetUp -->
        <test-method status="PASS" signature="clickOnHomeInOpenLinksItem()[pri:250, instance:projekatTests.ProjekatTests@3cb1ffe6]" name="clickOnHomeInOpenLinksItem" duration-ms="5903" started-at="2021-12-06T16:55:49 CET" finished-at="2021-12-06T16:55:55 CET">
          <reporter-output>
          </reporter-output>
        </test-method> <!-- clickOnHomeInOpenLinksItem -->
        <test-method status="PASS" signature="afterMethod()[pri:0, instance:projekatTests.ProjekatTests@3cb1ffe6]" name="afterMethod" is-config="true" duration-ms="404" started-at="2021-12-06T16:55:55 CET" finished-at="2021-12-06T16:55:56 CET">
          <reporter-output>
          </reporter-output>
        </test-method> <!-- afterMethod -->
        <test-method status="PASS" signature="pageSetUp()[pri:0, instance:projekatTests.ProjekatTests@3cb1ffe6]" name="pageSetUp" is-config="true" duration-ms="893" started-at="2021-12-06T16:55:56 CET" finished-at="2021-12-06T16:55:56 CET">
          <reporter-output>
          </reporter-output>
        </test-method> <!-- pageSetUp -->
        <test-method status="PASS" signature="clickOnHome2InOpenLinksItem()[pri:260, instance:projekatTests.ProjekatTests@3cb1ffe6]" name="clickOnHome2InOpenLinksItem" duration-ms="5888" started-at="2021-12-06T16:55:56 CET" finished-at="2021-12-06T16:56:02 CET">
          <reporter-output>
          </reporter-output>
        </test-method> <!-- clickOnHome2InOpenLinksItem -->
        <test-method status="PASS" signature="afterMethod()[pri:0, instance:projekatTests.ProjekatTests@3cb1ffe6]" name="afterMethod" is-config="true" duration-ms="23" started-at="2021-12-06T16:56:02 CET" finished-at="2021-12-06T16:56:02 CET">
          <reporter-output>
          </reporter-output>
        </test-method> <!-- afterMethod -->
        <test-method status="PASS" signature="pageSetUp()[pri:0, instance:projekatTests.ProjekatTests@3cb1ffe6]" name="pageSetUp" is-config="true" duration-ms="856" started-at="2021-12-06T16:56:02 CET" finished-at="2021-12-06T16:56:03 CET">
          <reporter-output>
          </reporter-output>
        </test-method> <!-- pageSetUp -->
        <test-method status="PASS" signature="clickOnCreatedInOpenLinksItem()[pri:270, instance:projekatTests.ProjekatTests@3cb1ffe6]" name="clickOnCreatedInOpenLinksItem" duration-ms="6084" started-at="2021-12-06T16:56:03 CET" finished-at="2021-12-06T16:56:09 CET">
          <reporter-output>
          </reporter-output>
        </test-method> <!-- clickOnCreatedInOpenLinksItem -->
        <test-method status="PASS" signature="afterMethod()[pri:0, instance:projekatTests.ProjekatTests@3cb1ffe6]" name="afterMethod" is-config="true" duration-ms="18" started-at="2021-12-06T16:56:09 CET" finished-at="2021-12-06T16:56:09 CET">
          <reporter-output>
          </reporter-output>
        </test-method> <!-- afterMethod -->
        <test-method status="PASS" signature="pageSetUp()[pri:0, instance:projekatTests.ProjekatTests@3cb1ffe6]" name="pageSetUp" is-config="true" duration-ms="869" started-at="2021-12-06T16:56:09 CET" finished-at="2021-12-06T16:56:10 CET">
          <reporter-output>
          </reporter-output>
        </test-method> <!-- pageSetUp -->
        <test-method status="PASS" signature="clickOnNoContentInOpenLinksItem()[pri:280, instance:projekatTests.ProjekatTests@3cb1ffe6]" name="clickOnNoContentInOpenLinksItem" duration-ms="6025" started-at="2021-12-06T16:56:10 CET" finished-at="2021-12-06T16:56:16 CET">
          <reporter-output>
          </reporter-output>
        </test-method> <!-- clickOnNoContentInOpenLinksItem -->
        <test-method status="PASS" signature="afterMethod()[pri:0, instance:projekatTests.ProjekatTests@3cb1ffe6]" name="afterMethod" is-config="true" duration-ms="8" started-at="2021-12-06T16:56:16 CET" finished-at="2021-12-06T16:56:16 CET">
          <reporter-output>
          </reporter-output>
        </test-method> <!-- afterMethod -->
        <test-method status="PASS" signature="pageSetUp()[pri:0, instance:projekatTests.ProjekatTests@3cb1ffe6]" name="pageSetUp" is-config="true" duration-ms="888" started-at="2021-12-06T16:56:16 CET" finished-at="2021-12-06T16:56:17 CET">
          <reporter-output>
          </reporter-output>
        </test-method> <!-- pageSetUp -->
        <test-method status="PASS" signature="clickOnMovedInOpenLinksItem()[pri:290, instance:projekatTests.ProjekatTests@3cb1ffe6]" name="clickOnMovedInOpenLinksItem" duration-ms="5721" started-at="2021-12-06T16:56:17 CET" finished-at="2021-12-06T16:56:23 CET">
          <reporter-output>
          </reporter-output>
        </test-method> <!-- clickOnMovedInOpenLinksItem -->
        <test-method status="PASS" signature="afterMethod()[pri:0, instance:projekatTests.ProjekatTests@3cb1ffe6]" name="afterMethod" is-config="true" duration-ms="15" started-at="2021-12-06T16:56:23 CET" finished-at="2021-12-06T16:56:23 CET">
          <reporter-output>
          </reporter-output>
        </test-method> <!-- afterMethod -->
        <test-method status="PASS" signature="pageSetUp()[pri:0, instance:projekatTests.ProjekatTests@3cb1ffe6]" name="pageSetUp" is-config="true" duration-ms="889" started-at="2021-12-06T16:56:23 CET" finished-at="2021-12-06T16:56:24 CET">
          <reporter-output>
          </reporter-output>
        </test-method> <!-- pageSetUp -->
        <test-method status="PASS" signature="clickOnBadRequestInOpenLinksItem()[pri:300, instance:projekatTests.ProjekatTests@3cb1ffe6]" name="clickOnBadRequestInOpenLinksItem" duration-ms="5747" started-at="2021-12-06T16:56:24 CET" finished-at="2021-12-06T16:56:29 CET">
          <reporter-output>
          </reporter-output>
        </test-method> <!-- clickOnBadRequestInOpenLinksItem -->
        <test-method status="PASS" signature="afterMethod()[pri:0, instance:projekatTests.ProjekatTests@3cb1ffe6]" name="afterMethod" is-config="true" duration-ms="10" started-at="2021-12-06T16:56:29 CET" finished-at="2021-12-06T16:56:29 CET">
          <reporter-output>
          </reporter-output>
        </test-method> <!-- afterMethod -->
        <test-method status="PASS" signature="pageSetUp()[pri:0, instance:projekatTests.ProjekatTests@3cb1ffe6]" name="pageSetUp" is-config="true" duration-ms="937" started-at="2021-12-06T16:56:29 CET" finished-at="2021-12-06T16:56:30 CET">
          <reporter-output>
          </reporter-output>
        </test-method> <!-- pageSetUp -->
        <test-method status="PASS" signature="clickOnUnauthorizedtInOpenLinksItem()[pri:310, instance:projekatTests.ProjekatTests@3cb1ffe6]" name="clickOnUnauthorizedtInOpenLinksItem" duration-ms="6615" started-at="2021-12-06T16:56:30 CET" finished-at="2021-12-06T16:56:37 CET">
          <reporter-output>
          </reporter-output>
        </test-method> <!-- clickOnUnauthorizedtInOpenLinksItem -->
        <test-method status="PASS" signature="afterMethod()[pri:0, instance:projekatTests.ProjekatTests@3cb1ffe6]" name="afterMethod" is-config="true" duration-ms="15" started-at="2021-12-06T16:56:37 CET" finished-at="2021-12-06T16:56:37 CET">
          <reporter-output>
          </reporter-output>
        </test-method> <!-- afterMethod -->
        <test-method status="PASS" signature="pageSetUp()[pri:0, instance:projekatTests.ProjekatTests@3cb1ffe6]" name="pageSetUp" is-config="true" duration-ms="890" started-at="2021-12-06T16:56:37 CET" finished-at="2021-12-06T16:56:38 CET">
          <reporter-output>
          </reporter-output>
        </test-method> <!-- pageSetUp -->
        <test-method status="PASS" signature="clickOnForbiddenInOpenLinksItem()[pri:320, instance:projekatTests.ProjekatTests@3cb1ffe6]" name="clickOnForbiddenInOpenLinksItem" duration-ms="5940" started-at="2021-12-06T16:56:38 CET" finished-at="2021-12-06T16:56:44 CET">
          <reporter-output>
          </reporter-output>
        </test-method> <!-- clickOnForbiddenInOpenLinksItem -->
        <test-method status="PASS" signature="afterMethod()[pri:0, instance:projekatTests.ProjekatTests@3cb1ffe6]" name="afterMethod" is-config="true" duration-ms="13" started-at="2021-12-06T16:56:44 CET" finished-at="2021-12-06T16:56:44 CET">
          <reporter-output>
          </reporter-output>
        </test-method> <!-- afterMethod -->
        <test-method status="PASS" signature="pageSetUp()[pri:0, instance:projekatTests.ProjekatTests@3cb1ffe6]" name="pageSetUp" is-config="true" duration-ms="1233" started-at="2021-12-06T16:56:44 CET" finished-at="2021-12-06T16:56:45 CET">
          <reporter-output>
          </reporter-output>
        </test-method> <!-- pageSetUp -->
        <test-method status="PASS" signature="clickOnNotFaundInOpenLinksItem()[pri:330, instance:projekatTests.ProjekatTests@3cb1ffe6]" name="clickOnNotFaundInOpenLinksItem" duration-ms="6137" started-at="2021-12-06T16:56:45 CET" finished-at="2021-12-06T16:56:51 CET">
          <reporter-output>
          </reporter-output>
        </test-method> <!-- clickOnNotFaundInOpenLinksItem -->
        <test-method status="PASS" signature="afterMethod()[pri:0, instance:projekatTests.ProjekatTests@3cb1ffe6]" name="afterMethod" is-config="true" duration-ms="9" started-at="2021-12-06T16:56:51 CET" finished-at="2021-12-06T16:56:51 CET">
          <reporter-output>
          </reporter-output>
        </test-method> <!-- afterMethod -->
        <test-method status="PASS" signature="pageSetUp()[pri:0, instance:projekatTests.ProjekatTests@3cb1ffe6]" name="pageSetUp" is-config="true" duration-ms="1354" started-at="2021-12-06T16:56:51 CET" finished-at="2021-12-06T16:56:53 CET">
          <reporter-output>
          </reporter-output>
        </test-method> <!-- pageSetUp -->
        <test-method status="PASS" signature="openBrokenLinksItem()[pri:340, instance:projekatTests.ProjekatTests@3cb1ffe6]" name="openBrokenLinksItem" duration-ms="6620" started-at="2021-12-06T16:56:53 CET" finished-at="2021-12-06T16:56:59 CET">
          <reporter-output>
          </reporter-output>
        </test-method> <!-- openBrokenLinksItem -->
        <test-method status="PASS" signature="afterMethod()[pri:0, instance:projekatTests.ProjekatTests@3cb1ffe6]" name="afterMethod" is-config="true" duration-ms="7" started-at="2021-12-06T16:56:59 CET" finished-at="2021-12-06T16:56:59 CET">
          <reporter-output>
          </reporter-output>
        </test-method> <!-- afterMethod -->
        <test-method status="PASS" signature="pageSetUp()[pri:0, instance:projekatTests.ProjekatTests@3cb1ffe6]" name="pageSetUp" is-config="true" duration-ms="1121" started-at="2021-12-06T16:56:59 CET" finished-at="2021-12-06T16:57:00 CET">
          <reporter-output>
          </reporter-output>
        </test-method> <!-- pageSetUp -->
        <test-method status="FAIL" signature="fillingOutTheStudentRegistrationForm()[pri:350, instance:projekatTests.ProjekatTests@3cb1ffe6]" name="fillingOutTheStudentRegistrationForm" duration-ms="4847" started-at="2021-12-06T16:57:00 CET" finished-at="2021-12-06T16:57:05 CET">
          <exception class="org.openqa.selenium.NoSuchElementException">
            <message>
              <![CDATA[no such element: Unable to locate element: {"method":"css selector","selector":".btn.btn-light.active"}
  (Session info: chrome=96.0.4664.45)
For documentation on this error, please visit: https://www.seleniumhq.org/exceptions/no_such_element.html
Build info: version: '3.141.59', revision: 'e82be7d358', time: '2018-11-14T08:25:48'
System info: host: 'DESKTOP-BF2C6C6', ip: '192.168.1.10', os.name: 'Windows 10', os.arch: 'amd64', os.version: '10.0', java.version: '1.8.0_311'
Driver info: org.openqa.selenium.chrome.ChromeDriver
Capabilities {acceptInsecureCerts: false, browserName: chrome, browserVersion: 96.0.4664.45, chrome: {chromedriverVersion: 95.0.4638.17 (a9d0719444d4b..., userDataDir: C:\Users\Dell\AppData\Local...}, goog:chromeOptions: {debuggerAddress: localhost:53924}, javascriptEnabled: true, networkConnectionEnabled: false, pageLoadStrategy: normal, platform: WINDOWS, platformName: WINDOWS, proxy: Proxy(), setWindowRect: true, strictFileInteractability: false, timeouts: {implicit: 0, pageLoad: 300000, script: 30000}, unhandledPromptBehavior: dismiss and notify, webauthn:extension:credBlob: true, webauthn:extension:largeBlob: true, webauthn:virtualAuthenticators: true}
Session ID: 7ac6c77dc5f287f492c964f04c93a349
*** Element info: {Using=css selector, value=.btn.btn-light.active}]]>
            </message>
            <full-stacktrace>
              <![CDATA[org.openqa.selenium.NoSuchElementException: no such element: Unable to locate element: {"method":"css selector","selector":".btn.btn-light.active"}
  (Session info: chrome=96.0.4664.45)
For documentation on this error, please visit: https://www.seleniumhq.org/exceptions/no_such_element.html
Build info: version: '3.141.59', revision: 'e82be7d358', time: '2018-11-14T08:25:48'
System info: host: 'DESKTOP-BF2C6C6', ip: '192.168.1.10', os.name: 'Windows 10', os.arch: 'amd64', os.version: '10.0', java.version: '1.8.0_311'
Driver info: org.openqa.selenium.chrome.ChromeDriver
Capabilities {acceptInsecureCerts: false, browserName: chrome, browserVersion: 96.0.4664.45, chrome: {chromedriverVersion: 95.0.4638.17 (a9d0719444d4b..., userDataDir: C:\Users\Dell\AppData\Local...}, goog:chromeOptions: {debuggerAddress: localhost:53924}, javascriptEnabled: true, networkConnectionEnabled: false, pageLoadStrategy: normal, platform: WINDOWS, platformName: WINDOWS, proxy: Proxy(), setWindowRect: true, strictFileInteractability: false, timeouts: {implicit: 0, pageLoad: 300000, script: 30000}, unhandledPromptBehavior: dismiss and notify, webauthn:extension:credBlob: true, webauthn:extension:largeBlob: true, webauthn:virtualAuthenticators: true}
Session ID: 7ac6c77dc5f287f492c964f04c93a349
*** Element info: {Using=css selector, value=.btn.btn-light.active}
at sun.reflect.NativeConstructorAccessorImpl.newInstance0(Native Method)
at sun.reflect.NativeConstructorAccessorImpl.newInstance(Unknown Source)
at sun.reflect.DelegatingConstructorAccessorImpl.newInstance(Unknown Source)
at java.lang.reflect.Constructor.newInstance(Unknown Source)
at org.openqa.selenium.remote.http.W3CHttpResponseCodec.createException(W3CHttpResponseCodec.java:187)
at org.openqa.selenium.remote.http.W3CHttpResponseCodec.decode(W3CHttpResponseCodec.java:122)
at org.openqa.selenium.remote.http.W3CHttpResponseCodec.decode(W3CHttpResponseCodec.java:49)
at org.openqa.selenium.remote.HttpCommandExecutor.execute(HttpCommandExecutor.java:158)
at org.openqa.selenium.remote.service.DriverCommandExecutor.execute(DriverCommandExecutor.java:83)
at org.openqa.selenium.remote.RemoteWebDriver.execute(RemoteWebDriver.java:552)
at org.openqa.selenium.remote.RemoteWebDriver.findElement(RemoteWebDriver.java:323)
at org.openqa.selenium.remote.RemoteWebDriver.findElementByCssSelector(RemoteWebDriver.java:420)
at org.openqa.selenium.By$ByCssSelector.findElement(By.java:431)
at org.openqa.selenium.remote.RemoteWebDriver.findElement(RemoteWebDriver.java:315)
at projekatPages.FormCardPracticeFormsItem.getPracticeForm(FormCardPracticeFormsItem.java:39)
at projekatTests.ProjekatTests.fillingOutTheStudentRegistrationForm(ProjekatTests.java:660)
at sun.reflect.NativeMethodAccessorImpl.invoke0(Native Method)
at sun.reflect.NativeMethodAccessorImpl.invoke(Unknown Source)
at sun.reflect.DelegatingMethodAccessorImpl.invoke(Unknown Source)
at java.lang.reflect.Method.invoke(Unknown Source)
at org.testng.internal.MethodInvocationHelper.invokeMethod(MethodInvocationHelper.java:133)
at org.testng.internal.TestInvoker.invokeMethod(TestInvoker.java:598)
at org.testng.internal.TestInvoker.invokeTestMethod(TestInvoker.java:173)
at org.testng.internal.MethodRunner.runInSequence(MethodRunner.java:46)
at org.testng.internal.TestInvoker$MethodInvocationAgent.invoke(TestInvoker.java:824)
at org.testng.internal.TestInvoker.invokeTestMethods(TestInvoker.java:146)
at org.testng.internal.TestMethodWorker.invokeTestMethods(TestMethodWorker.java:146)
at org.testng.internal.TestMethodWorker.run(TestMethodWorker.java:128)
at java.util.ArrayList.forEach(Unknown Source)
at org.testng.TestRunner.privateRun(TestRunner.java:794)
at org.testng.TestRunner.run(TestRunner.java:596)
at org.testng.SuiteRunner.runTest(SuiteRunner.java:377)
at org.testng.SuiteRunner.runSequentially(SuiteRunner.java:371)
at org.testng.SuiteRunner.privateRun(SuiteRunner.java:332)
at org.testng.SuiteRunner.run(SuiteRunner.java:276)
at org.testng.SuiteRunnerWorker.runSuite(SuiteRunnerWorker.java:53)
at org.testng.SuiteRunnerWorker.run(SuiteRunnerWorker.java:96)
at org.testng.TestNG.runSuitesSequentially(TestNG.java:1212)
at org.testng.TestNG.runSuitesLocally(TestNG.java:1134)
at org.testng.TestNG.runSuites(TestNG.java:1063)
at org.testng.TestNG.run(TestNG.java:1031)
at org.testng.remote.AbstractRemoteTestNG.run(AbstractRemoteTestNG.java:115)
at org.testng.remote.RemoteTestNG.initAndRun(RemoteTestNG.java:251)
at org.testng.remote.RemoteTestNG.main(RemoteTestNG.java:77)
]]>
            </full-stacktrace>
          </exception> <!-- org.openqa.selenium.NoSuchElementException -->
          <reporter-output>
          </reporter-output>
        </test-method> <!-- fillingOutTheStudentRegistrationForm -->
        <test-method status="PASS" signature="afterMethod()[pri:0, instance:projekatTests.ProjekatTests@3cb1ffe6]" name="afterMethod" is-config="true" duration-ms="16" started-at="2021-12-06T16:57:05 CET" finished-at="2021-12-06T16:57:05 CET">
          <reporter-output>
          </reporter-output>
        </test-method> <!-- afterMethod -->
        <test-method status="PASS" signature="pageSetUp()[pri:0, instance:projekatTests.ProjekatTests@3cb1ffe6]" name="pageSetUp" is-config="true" duration-ms="1107" started-at="2021-12-06T16:57:05 CET" finished-at="2021-12-06T16:57:06 CET">
          <reporter-output>
          </reporter-output>
        </test-method> <!-- pageSetUp -->
        <test-method status="FAIL" signature="moveSliderPointer()[pri:360, instance:projekatTests.ProjekatTests@3cb1ffe6]" name="moveSliderPointer" duration-ms="3403" started-at="2021-12-06T16:57:06 CET" finished-at="2021-12-06T16:57:10 CET">
          <exception class="org.openqa.selenium.ElementClickInterceptedException">
            <message>
              <![CDATA[element click intercepted: Element <div class="element-group">...</div> is not clickable at point (209, 637). Other element would receive the click: <div id="fixedban" style="width:100%;margin:auto;text-align:center;float:none;overflow:hidden;display:scroll;position:fixed;bottom:0;z-index:9999999">...</div>
  (Session info: chrome=96.0.4664.45)
Build info: version: '3.141.59', revision: 'e82be7d358', time: '2018-11-14T08:25:48'
System info: host: 'DESKTOP-BF2C6C6', ip: '192.168.1.10', os.name: 'Windows 10', os.arch: 'amd64', os.version: '10.0', java.version: '1.8.0_311'
Driver info: org.openqa.selenium.chrome.ChromeDriver
Capabilities {acceptInsecureCerts: false, browserName: chrome, browserVersion: 96.0.4664.45, chrome: {chromedriverVersion: 95.0.4638.17 (a9d0719444d4b..., userDataDir: C:\Users\Dell\AppData\Local...}, goog:chromeOptions: {debuggerAddress: localhost:53924}, javascriptEnabled: true, networkConnectionEnabled: false, pageLoadStrategy: normal, platform: WINDOWS, platformName: WINDOWS, proxy: Proxy(), setWindowRect: true, strictFileInteractability: false, timeouts: {implicit: 0, pageLoad: 300000, script: 30000}, unhandledPromptBehavior: dismiss and notify, webauthn:extension:credBlob: true, webauthn:extension:largeBlob: true, webauthn:virtualAuthenticators: true}
Session ID: 7ac6c77dc5f287f492c964f04c93a349]]>
            </message>
            <full-stacktrace>
              <![CDATA[org.openqa.selenium.ElementClickInterceptedException: element click intercepted: Element <div class="element-group">...</div> is not clickable at point (209, 637). Other element would receive the click: <div id="fixedban" style="width:100%;margin:auto;text-align:center;float:none;overflow:hidden;display:scroll;position:fixed;bottom:0;z-index:9999999">...</div>
  (Session info: chrome=96.0.4664.45)
Build info: version: '3.141.59', revision: 'e82be7d358', time: '2018-11-14T08:25:48'
System info: host: 'DESKTOP-BF2C6C6', ip: '192.168.1.10', os.name: 'Windows 10', os.arch: 'amd64', os.version: '10.0', java.version: '1.8.0_311'
Driver info: org.openqa.selenium.chrome.ChromeDriver
Capabilities {acceptInsecureCerts: false, browserName: chrome, browserVersion: 96.0.4664.45, chrome: {chromedriverVersion: 95.0.4638.17 (a9d0719444d4b..., userDataDir: C:\Users\Dell\AppData\Local...}, goog:chromeOptions: {debuggerAddress: localhost:53924}, javascriptEnabled: true, networkConnectionEnabled: false, pageLoadStrategy: normal, platform: WINDOWS, platformName: WINDOWS, proxy: Proxy(), setWindowRect: true, strictFileInteractability: false, timeouts: {implicit: 0, pageLoad: 300000, script: 30000}, unhandledPromptBehavior: dismiss and notify, webauthn:extension:credBlob: true, webauthn:extension:largeBlob: true, webauthn:virtualAuthenticators: true}
Session ID: 7ac6c77dc5f287f492c964f04c93a349
at sun.reflect.NativeConstructorAccessorImpl.newInstance0(Native Method)
at sun.reflect.NativeConstructorAccessorImpl.newInstance(Unknown Source)
at sun.reflect.DelegatingConstructorAccessorImpl.newInstance(Unknown Source)
at java.lang.reflect.Constructor.newInstance(Unknown Source)
at org.openqa.selenium.remote.http.W3CHttpResponseCodec.createException(W3CHttpResponseCodec.java:187)
at org.openqa.selenium.remote.http.W3CHttpResponseCodec.decode(W3CHttpResponseCodec.java:122)
at org.openqa.selenium.remote.http.W3CHttpResponseCodec.decode(W3CHttpResponseCodec.java:49)
at org.openqa.selenium.remote.HttpCommandExecutor.execute(HttpCommandExecutor.java:158)
at org.openqa.selenium.remote.service.DriverCommandExecutor.execute(DriverCommandExecutor.java:83)
at org.openqa.selenium.remote.RemoteWebDriver.execute(RemoteWebDriver.java:552)
at org.openqa.selenium.remote.RemoteWebElement.execute(RemoteWebElement.java:285)
at org.openqa.selenium.remote.RemoteWebElement.click(RemoteWebElement.java:84)
at projekatPages.CardsOnToolsQaHomePage.clickableCard(CardsOnToolsQaHomePage.java:40)
at projekatTests.ProjekatTests.moveSliderPointer(ProjekatTests.java:717)
at sun.reflect.NativeMethodAccessorImpl.invoke0(Native Method)
at sun.reflect.NativeMethodAccessorImpl.invoke(Unknown Source)
at sun.reflect.DelegatingMethodAccessorImpl.invoke(Unknown Source)
at java.lang.reflect.Method.invoke(Unknown Source)
at org.testng.internal.MethodInvocationHelper.invokeMethod(MethodInvocationHelper.java:133)
at org.testng.internal.TestInvoker.invokeMethod(TestInvoker.java:598)
at org.testng.internal.TestInvoker.invokeTestMethod(TestInvoker.java:173)
at org.testng.internal.MethodRunner.runInSequence(MethodRunner.java:46)
at org.testng.internal.TestInvoker$MethodInvocationAgent.invoke(TestInvoker.java:824)
at org.testng.internal.TestInvoker.invokeTestMethods(TestInvoker.java:146)
at org.testng.internal.TestMethodWorker.invokeTestMethods(TestMethodWorker.java:146)
at org.testng.internal.TestMethodWorker.run(TestMethodWorker.java:128)
at java.util.ArrayList.forEach(Unknown Source)
at org.testng.TestRunner.privateRun(TestRunner.java:794)
at org.testng.TestRunner.run(TestRunner.java:596)
at org.testng.SuiteRunner.runTest(SuiteRunner.java:377)
at org.testng.SuiteRunner.runSequentially(SuiteRunner.java:371)
at org.testng.SuiteRunner.privateRun(SuiteRunner.java:332)
at org.testng.SuiteRunner.run(SuiteRunner.java:276)
at org.testng.SuiteRunnerWorker.runSuite(SuiteRunnerWorker.java:53)
at org.testng.SuiteRunnerWorker.run(SuiteRunnerWorker.java:96)
at org.testng.TestNG.runSuitesSequentially(TestNG.java:1212)
at org.testng.TestNG.runSuitesLocally(TestNG.java:1134)
at org.testng.TestNG.runSuites(TestNG.java:1063)
at org.testng.TestNG.run(TestNG.java:1031)
at org.testng.remote.AbstractRemoteTestNG.run(AbstractRemoteTestNG.java:115)
at org.testng.remote.RemoteTestNG.initAndRun(RemoteTestNG.java:251)
at org.testng.remote.RemoteTestNG.main(RemoteTestNG.java:77)
]]>
            </full-stacktrace>
          </exception> <!-- org.openqa.selenium.ElementClickInterceptedException -->
          <reporter-output>
          </reporter-output>
        </test-method> <!-- moveSliderPointer -->
        <test-method status="PASS" signature="afterMethod()[pri:0, instance:projekatTests.ProjekatTests@3cb1ffe6]" name="afterMethod" is-config="true" duration-ms="13" started-at="2021-12-06T16:57:10 CET" finished-at="2021-12-06T16:57:10 CET">
          <reporter-output>
          </reporter-output>
        </test-method> <!-- afterMethod -->
        <test-method status="PASS" signature="pageSetUp()[pri:0, instance:projekatTests.ProjekatTests@3cb1ffe6]" name="pageSetUp" is-config="true" duration-ms="901" started-at="2021-12-06T16:57:10 CET" finished-at="2021-12-06T16:57:11 CET">
          <reporter-output>
          </reporter-output>
        </test-method> <!-- pageSetUp -->
        <test-method status="FAIL" signature="createNewUserForBookStoreApplication()[pri:370, instance:projekatTests.ProjekatTests@3cb1ffe6]" name="createNewUserForBookStoreApplication" duration-ms="1709" started-at="2021-12-06T16:57:11 CET" finished-at="2021-12-06T16:57:12 CET">
          <exception class="org.openqa.selenium.NoSuchElementException">
            <message>
              <![CDATA[no such element: Unable to locate element: {"method":"xpath","selector":"//body/div[@id='app']/div[1]/div[1]/div[2]/div[1]/div[6]/div[1]/div[3]"}
  (Session info: chrome=96.0.4664.45)
For documentation on this error, please visit: https://www.seleniumhq.org/exceptions/no_such_element.html
Build info: version: '3.141.59', revision: 'e82be7d358', time: '2018-11-14T08:25:48'
System info: host: 'DESKTOP-BF2C6C6', ip: '192.168.1.10', os.name: 'Windows 10', os.arch: 'amd64', os.version: '10.0', java.version: '1.8.0_311'
Driver info: org.openqa.selenium.chrome.ChromeDriver
Capabilities {acceptInsecureCerts: false, browserName: chrome, browserVersion: 96.0.4664.45, chrome: {chromedriverVersion: 95.0.4638.17 (a9d0719444d4b..., userDataDir: C:\Users\Dell\AppData\Local...}, goog:chromeOptions: {debuggerAddress: localhost:53924}, javascriptEnabled: true, networkConnectionEnabled: false, pageLoadStrategy: normal, platform: WINDOWS, platformName: WINDOWS, proxy: Proxy(), setWindowRect: true, strictFileInteractability: false, timeouts: {implicit: 0, pageLoad: 300000, script: 30000}, unhandledPromptBehavior: dismiss and notify, webauthn:extension:credBlob: true, webauthn:extension:largeBlob: true, webauthn:virtualAuthenticators: true}
Session ID: 7ac6c77dc5f287f492c964f04c93a349
*** Element info: {Using=xpath, value=//body/div[@id='app']/div[1]/div[1]/div[2]/div[1]/div[6]/div[1]/div[3]}]]>
            </message>
            <full-stacktrace>
              <![CDATA[org.openqa.selenium.NoSuchElementException: no such element: Unable to locate element: {"method":"xpath","selector":"//body/div[@id='app']/div[1]/div[1]/div[2]/div[1]/div[6]/div[1]/div[3]"}
  (Session info: chrome=96.0.4664.45)
For documentation on this error, please visit: https://www.seleniumhq.org/exceptions/no_such_element.html
Build info: version: '3.141.59', revision: 'e82be7d358', time: '2018-11-14T08:25:48'
System info: host: 'DESKTOP-BF2C6C6', ip: '192.168.1.10', os.name: 'Windows 10', os.arch: 'amd64', os.version: '10.0', java.version: '1.8.0_311'
Driver info: org.openqa.selenium.chrome.ChromeDriver
Capabilities {acceptInsecureCerts: false, browserName: chrome, browserVersion: 96.0.4664.45, chrome: {chromedriverVersion: 95.0.4638.17 (a9d0719444d4b..., userDataDir: C:\Users\Dell\AppData\Local...}, goog:chromeOptions: {debuggerAddress: localhost:53924}, javascriptEnabled: true, networkConnectionEnabled: false, pageLoadStrategy: normal, platform: WINDOWS, platformName: WINDOWS, proxy: Proxy(), setWindowRect: true, strictFileInteractability: false, timeouts: {implicit: 0, pageLoad: 300000, script: 30000}, unhandledPromptBehavior: dismiss and notify, webauthn:extension:credBlob: true, webauthn:extension:largeBlob: true, webauthn:virtualAuthenticators: true}
Session ID: 7ac6c77dc5f287f492c964f04c93a349
*** Element info: {Using=xpath, value=//body/div[@id='app']/div[1]/div[1]/div[2]/div[1]/div[6]/div[1]/div[3]}
at sun.reflect.NativeConstructorAccessorImpl.newInstance0(Native Method)
at sun.reflect.NativeConstructorAccessorImpl.newInstance(Unknown Source)
at sun.reflect.DelegatingConstructorAccessorImpl.newInstance(Unknown Source)
at java.lang.reflect.Constructor.newInstance(Unknown Source)
at org.openqa.selenium.remote.http.W3CHttpResponseCodec.createException(W3CHttpResponseCodec.java:187)
at org.openqa.selenium.remote.http.W3CHttpResponseCodec.decode(W3CHttpResponseCodec.java:122)
at org.openqa.selenium.remote.http.W3CHttpResponseCodec.decode(W3CHttpResponseCodec.java:49)
at org.openqa.selenium.remote.HttpCommandExecutor.execute(HttpCommandExecutor.java:158)
at org.openqa.selenium.remote.service.DriverCommandExecutor.execute(DriverCommandExecutor.java:83)
at org.openqa.selenium.remote.RemoteWebDriver.execute(RemoteWebDriver.java:552)
at org.openqa.selenium.remote.RemoteWebDriver.findElement(RemoteWebDriver.java:323)
at org.openqa.selenium.remote.RemoteWebDriver.findElementByXPath(RemoteWebDriver.java:428)
at org.openqa.selenium.By$ByXPath.findElement(By.java:353)
at org.openqa.selenium.remote.RemoteWebDriver.findElement(RemoteWebDriver.java:315)
at projekatTests.ProjekatTests.createNewUserForBookStoreApplication(ProjekatTests.java:730)
at sun.reflect.NativeMethodAccessorImpl.invoke0(Native Method)
at sun.reflect.NativeMethodAccessorImpl.invoke(Unknown Source)
at sun.reflect.DelegatingMethodAccessorImpl.invoke(Unknown Source)
at java.lang.reflect.Method.invoke(Unknown Source)
at org.testng.internal.MethodInvocationHelper.invokeMethod(MethodInvocationHelper.java:133)
at org.testng.internal.TestInvoker.invokeMethod(TestInvoker.java:598)
at org.testng.internal.TestInvoker.invokeTestMethod(TestInvoker.java:173)
at org.testng.internal.MethodRunner.runInSequence(MethodRunner.java:46)
at org.testng.internal.TestInvoker$MethodInvocationAgent.invoke(TestInvoker.java:824)
at org.testng.internal.TestInvoker.invokeTestMethods(TestInvoker.java:146)
at org.testng.internal.TestMethodWorker.invokeTestMethods(TestMethodWorker.java:146)
at org.testng.internal.TestMethodWorker.run(TestMethodWorker.java:128)
at java.util.ArrayList.forEach(Unknown Source)
at org.testng.TestRunner.privateRun(TestRunner.java:794)
at org.testng.TestRunner.run(TestRunner.java:596)
at org.testng.SuiteRunner.runTest(SuiteRunner.java:377)
at org.testng.SuiteRunner.runSequentially(SuiteRunner.java:371)
at org.testng.SuiteRunner.privateRun(SuiteRunner.java:332)
at org.testng.SuiteRunner.run(SuiteRunner.java:276)
at org.testng.SuiteRunnerWorker.runSuite(SuiteRunnerWorker.java:53)
at org.testng.SuiteRunnerWorker.run(SuiteRunnerWorker.java:96)
at org.testng.TestNG.runSuitesSequentially(TestNG.java:1212)
at org.testng.TestNG.runSuitesLocally(TestNG.java:1134)
at org.testng.TestNG.runSuites(TestNG.java:1063)
at org.testng.TestNG.run(TestNG.java:1031)
at org.testng.remote.AbstractRemoteTestNG.run(AbstractRemoteTestNG.java:115)
at org.testng.remote.RemoteTestNG.initAndRun(RemoteTestNG.java:251)
at org.testng.remote.RemoteTestNG.main(RemoteTestNG.java:77)
]]>
            </full-stacktrace>
          </exception> <!-- org.openqa.selenium.NoSuchElementException -->
          <reporter-output>
          </reporter-output>
        </test-method> <!-- createNewUserForBookStoreApplication -->
        <test-method status="PASS" signature="afterMethod()[pri:0, instance:projekatTests.ProjekatTests@3cb1ffe6]" name="afterMethod" is-config="true" duration-ms="21" started-at="2021-12-06T16:57:12 CET" finished-at="2021-12-06T16:57:12 CET">
          <reporter-output>
          </reporter-output>
        </test-method> <!-- afterMethod -->
        <test-method status="PASS" signature="pageSetUp()[pri:0, instance:projekatTests.ProjekatTests@3cb1ffe6]" name="pageSetUp" is-config="true" duration-ms="871" started-at="2021-12-06T16:57:12 CET" finished-at="2021-12-06T16:57:13 CET">
          <reporter-output>
          </reporter-output>
        </test-method> <!-- pageSetUp -->
        <test-method status="FAIL" signature="usersLoginAfterRegistration()[pri:380, instance:projekatTests.ProjekatTests@3cb1ffe6]" name="usersLoginAfterRegistration" duration-ms="1771" started-at="2021-12-06T16:57:13 CET" finished-at="2021-12-06T16:57:15 CET">
          <exception class="org.openqa.selenium.NoSuchElementException">
            <message>
              <![CDATA[no such element: Unable to locate element: {"method":"xpath","selector":"//body/div[@id='app']/div[1]/div[1]/div[2]/div[1]/div[6]/div[1]/div[3]"}
  (Session info: chrome=96.0.4664.45)
For documentation on this error, please visit: https://www.seleniumhq.org/exceptions/no_such_element.html
Build info: version: '3.141.59', revision: 'e82be7d358', time: '2018-11-14T08:25:48'
System info: host: 'DESKTOP-BF2C6C6', ip: '192.168.1.10', os.name: 'Windows 10', os.arch: 'amd64', os.version: '10.0', java.version: '1.8.0_311'
Driver info: org.openqa.selenium.chrome.ChromeDriver
Capabilities {acceptInsecureCerts: false, browserName: chrome, browserVersion: 96.0.4664.45, chrome: {chromedriverVersion: 95.0.4638.17 (a9d0719444d4b..., userDataDir: C:\Users\Dell\AppData\Local...}, goog:chromeOptions: {debuggerAddress: localhost:53924}, javascriptEnabled: true, networkConnectionEnabled: false, pageLoadStrategy: normal, platform: WINDOWS, platformName: WINDOWS, proxy: Proxy(), setWindowRect: true, strictFileInteractability: false, timeouts: {implicit: 0, pageLoad: 300000, script: 30000}, unhandledPromptBehavior: dismiss and notify, webauthn:extension:credBlob: true, webauthn:extension:largeBlob: true, webauthn:virtualAuthenticators: true}
Session ID: 7ac6c77dc5f287f492c964f04c93a349
*** Element info: {Using=xpath, value=//body/div[@id='app']/div[1]/div[1]/div[2]/div[1]/div[6]/div[1]/div[3]}]]>
            </message>
            <full-stacktrace>
              <![CDATA[org.openqa.selenium.NoSuchElementException: no such element: Unable to locate element: {"method":"xpath","selector":"//body/div[@id='app']/div[1]/div[1]/div[2]/div[1]/div[6]/div[1]/div[3]"}
  (Session info: chrome=96.0.4664.45)
For documentation on this error, please visit: https://www.seleniumhq.org/exceptions/no_such_element.html
Build info: version: '3.141.59', revision: 'e82be7d358', time: '2018-11-14T08:25:48'
System info: host: 'DESKTOP-BF2C6C6', ip: '192.168.1.10', os.name: 'Windows 10', os.arch: 'amd64', os.version: '10.0', java.version: '1.8.0_311'
Driver info: org.openqa.selenium.chrome.ChromeDriver
Capabilities {acceptInsecureCerts: false, browserName: chrome, browserVersion: 96.0.4664.45, chrome: {chromedriverVersion: 95.0.4638.17 (a9d0719444d4b..., userDataDir: C:\Users\Dell\AppData\Local...}, goog:chromeOptions: {debuggerAddress: localhost:53924}, javascriptEnabled: true, networkConnectionEnabled: false, pageLoadStrategy: normal, platform: WINDOWS, platformName: WINDOWS, proxy: Proxy(), setWindowRect: true, strictFileInteractability: false, timeouts: {implicit: 0, pageLoad: 300000, script: 30000}, unhandledPromptBehavior: dismiss and notify, webauthn:extension:credBlob: true, webauthn:extension:largeBlob: true, webauthn:virtualAuthenticators: true}
Session ID: 7ac6c77dc5f287f492c964f04c93a349
*** Element info: {Using=xpath, value=//body/div[@id='app']/div[1]/div[1]/div[2]/div[1]/div[6]/div[1]/div[3]}
at sun.reflect.NativeConstructorAccessorImpl.newInstance0(Native Method)
at sun.reflect.NativeConstructorAccessorImpl.newInstance(Unknown Source)
at sun.reflect.DelegatingConstructorAccessorImpl.newInstance(Unknown Source)
at java.lang.reflect.Constructor.newInstance(Unknown Source)
at org.openqa.selenium.remote.http.W3CHttpResponseCodec.createException(W3CHttpResponseCodec.java:187)
at org.openqa.selenium.remote.http.W3CHttpResponseCodec.decode(W3CHttpResponseCodec.java:122)
at org.openqa.selenium.remote.http.W3CHttpResponseCodec.decode(W3CHttpResponseCodec.java:49)
at org.openqa.selenium.remote.HttpCommandExecutor.execute(HttpCommandExecutor.java:158)
at org.openqa.selenium.remote.service.DriverCommandExecutor.execute(DriverCommandExecutor.java:83)
at org.openqa.selenium.remote.RemoteWebDriver.execute(RemoteWebDriver.java:552)
at org.openqa.selenium.remote.RemoteWebDriver.findElement(RemoteWebDriver.java:323)
at org.openqa.selenium.remote.RemoteWebDriver.findElementByXPath(RemoteWebDriver.java:428)
at org.openqa.selenium.By$ByXPath.findElement(By.java:353)
at org.openqa.selenium.remote.RemoteWebDriver.findElement(RemoteWebDriver.java:315)
at projekatTests.ProjekatTests.usersLoginAfterRegistration(ProjekatTests.java:756)
at sun.reflect.NativeMethodAccessorImpl.invoke0(Native Method)
at sun.reflect.NativeMethodAccessorImpl.invoke(Unknown Source)
at sun.reflect.DelegatingMethodAccessorImpl.invoke(Unknown Source)
at java.lang.reflect.Method.invoke(Unknown Source)
at org.testng.internal.MethodInvocationHelper.invokeMethod(MethodInvocationHelper.java:133)
at org.testng.internal.TestInvoker.invokeMethod(TestInvoker.java:598)
at org.testng.internal.TestInvoker.invokeTestMethod(TestInvoker.java:173)
at org.testng.internal.MethodRunner.runInSequence(MethodRunner.java:46)
at org.testng.internal.TestInvoker$MethodInvocationAgent.invoke(TestInvoker.java:824)
at org.testng.internal.TestInvoker.invokeTestMethods(TestInvoker.java:146)
at org.testng.internal.TestMethodWorker.invokeTestMethods(TestMethodWorker.java:146)
at org.testng.internal.TestMethodWorker.run(TestMethodWorker.java:128)
at java.util.ArrayList.forEach(Unknown Source)
at org.testng.TestRunner.privateRun(TestRunner.java:794)
at org.testng.TestRunner.run(TestRunner.java:596)
at org.testng.SuiteRunner.runTest(SuiteRunner.java:377)
at org.testng.SuiteRunner.runSequentially(SuiteRunner.java:371)
at org.testng.SuiteRunner.privateRun(SuiteRunner.java:332)
at org.testng.SuiteRunner.run(SuiteRunner.java:276)
at org.testng.SuiteRunnerWorker.runSuite(SuiteRunnerWorker.java:53)
at org.testng.SuiteRunnerWorker.run(SuiteRunnerWorker.java:96)
at org.testng.TestNG.runSuitesSequentially(TestNG.java:1212)
at org.testng.TestNG.runSuitesLocally(TestNG.java:1134)
at org.testng.TestNG.runSuites(TestNG.java:1063)
at org.testng.TestNG.run(TestNG.java:1031)
at org.testng.remote.AbstractRemoteTestNG.run(AbstractRemoteTestNG.java:115)
at org.testng.remote.RemoteTestNG.initAndRun(RemoteTestNG.java:251)
at org.testng.remote.RemoteTestNG.main(RemoteTestNG.java:77)
]]>
            </full-stacktrace>
          </exception> <!-- org.openqa.selenium.NoSuchElementException -->
          <reporter-output>
          </reporter-output>
        </test-method> <!-- usersLoginAfterRegistration -->
        <test-method status="PASS" signature="afterMethod()[pri:0, instance:projekatTests.ProjekatTests@3cb1ffe6]" name="afterMethod" is-config="true" duration-ms="8" started-at="2021-12-06T16:57:15 CET" finished-at="2021-12-06T16:57:15 CET">
          <reporter-output>
          </reporter-output>
        </test-method> <!-- afterMethod -->
        <test-method status="PASS" signature="pageSetUp()[pri:0, instance:projekatTests.ProjekatTests@3cb1ffe6]" name="pageSetUp" is-config="true" duration-ms="954" started-at="2021-12-06T16:57:15 CET" finished-at="2021-12-06T16:57:16 CET">
          <reporter-output>
          </reporter-output>
        </test-method> <!-- pageSetUp -->
        <test-method status="FAIL" signature="userAddedBookInHisCollection()[pri:390, instance:projekatTests.ProjekatTests@3cb1ffe6]" name="userAddedBookInHisCollection" duration-ms="2251" started-at="2021-12-06T16:57:16 CET" finished-at="2021-12-06T16:57:18 CET">
          <exception class="org.openqa.selenium.NoSuchElementException">
            <message>
              <![CDATA[no such element: Unable to locate element: {"method":"xpath","selector":"//body/div[@id='app']/div[1]/div[1]/div[2]/div[1]/div[6]/div[1]/div[3]"}
  (Session info: chrome=96.0.4664.45)
For documentation on this error, please visit: https://www.seleniumhq.org/exceptions/no_such_element.html
Build info: version: '3.141.59', revision: 'e82be7d358', time: '2018-11-14T08:25:48'
System info: host: 'DESKTOP-BF2C6C6', ip: '192.168.1.10', os.name: 'Windows 10', os.arch: 'amd64', os.version: '10.0', java.version: '1.8.0_311'
Driver info: org.openqa.selenium.chrome.ChromeDriver
Capabilities {acceptInsecureCerts: false, browserName: chrome, browserVersion: 96.0.4664.45, chrome: {chromedriverVersion: 95.0.4638.17 (a9d0719444d4b..., userDataDir: C:\Users\Dell\AppData\Local...}, goog:chromeOptions: {debuggerAddress: localhost:53924}, javascriptEnabled: true, networkConnectionEnabled: false, pageLoadStrategy: normal, platform: WINDOWS, platformName: WINDOWS, proxy: Proxy(), setWindowRect: true, strictFileInteractability: false, timeouts: {implicit: 0, pageLoad: 300000, script: 30000}, unhandledPromptBehavior: dismiss and notify, webauthn:extension:credBlob: true, webauthn:extension:largeBlob: true, webauthn:virtualAuthenticators: true}
Session ID: 7ac6c77dc5f287f492c964f04c93a349
*** Element info: {Using=xpath, value=//body/div[@id='app']/div[1]/div[1]/div[2]/div[1]/div[6]/div[1]/div[3]}]]>
            </message>
            <full-stacktrace>
              <![CDATA[org.openqa.selenium.NoSuchElementException: no such element: Unable to locate element: {"method":"xpath","selector":"//body/div[@id='app']/div[1]/div[1]/div[2]/div[1]/div[6]/div[1]/div[3]"}
  (Session info: chrome=96.0.4664.45)
For documentation on this error, please visit: https://www.seleniumhq.org/exceptions/no_such_element.html
Build info: version: '3.141.59', revision: 'e82be7d358', time: '2018-11-14T08:25:48'
System info: host: 'DESKTOP-BF2C6C6', ip: '192.168.1.10', os.name: 'Windows 10', os.arch: 'amd64', os.version: '10.0', java.version: '1.8.0_311'
Driver info: org.openqa.selenium.chrome.ChromeDriver
Capabilities {acceptInsecureCerts: false, browserName: chrome, browserVersion: 96.0.4664.45, chrome: {chromedriverVersion: 95.0.4638.17 (a9d0719444d4b..., userDataDir: C:\Users\Dell\AppData\Local...}, goog:chromeOptions: {debuggerAddress: localhost:53924}, javascriptEnabled: true, networkConnectionEnabled: false, pageLoadStrategy: normal, platform: WINDOWS, platformName: WINDOWS, proxy: Proxy(), setWindowRect: true, strictFileInteractability: false, timeouts: {implicit: 0, pageLoad: 300000, script: 30000}, unhandledPromptBehavior: dismiss and notify, webauthn:extension:credBlob: true, webauthn:extension:largeBlob: true, webauthn:virtualAuthenticators: true}
Session ID: 7ac6c77dc5f287f492c964f04c93a349
*** Element info: {Using=xpath, value=//body/div[@id='app']/div[1]/div[1]/div[2]/div[1]/div[6]/div[1]/div[3]}
at sun.reflect.NativeConstructorAccessorImpl.newInstance0(Native Method)
at sun.reflect.NativeConstructorAccessorImpl.newInstance(Unknown Source)
at sun.reflect.DelegatingConstructorAccessorImpl.newInstance(Unknown Source)
at java.lang.reflect.Constructor.newInstance(Unknown Source)
at org.openqa.selenium.remote.http.W3CHttpResponseCodec.createException(W3CHttpResponseCodec.java:187)
at org.openqa.selenium.remote.http.W3CHttpResponseCodec.decode(W3CHttpResponseCodec.java:122)
at org.openqa.selenium.remote.http.W3CHttpResponseCodec.decode(W3CHttpResponseCodec.java:49)
at org.openqa.selenium.remote.HttpCommandExecutor.execute(HttpCommandExecutor.java:158)
at org.openqa.selenium.remote.service.DriverCommandExecutor.execute(DriverCommandExecutor.java:83)
at org.openqa.selenium.remote.RemoteWebDriver.execute(RemoteWebDriver.java:552)
at org.openqa.selenium.remote.RemoteWebDriver.findElement(RemoteWebDriver.java:323)
at org.openqa.selenium.remote.RemoteWebDriver.findElementByXPath(RemoteWebDriver.java:428)
at org.openqa.selenium.By$ByXPath.findElement(By.java:353)
at org.openqa.selenium.remote.RemoteWebDriver.findElement(RemoteWebDriver.java:315)
at projekatTests.ProjekatTests.userAddedBookInHisCollection(ProjekatTests.java:775)
at sun.reflect.NativeMethodAccessorImpl.invoke0(Native Method)
at sun.reflect.NativeMethodAccessorImpl.invoke(Unknown Source)
at sun.reflect.DelegatingMethodAccessorImpl.invoke(Unknown Source)
at java.lang.reflect.Method.invoke(Unknown Source)
at org.testng.internal.MethodInvocationHelper.invokeMethod(MethodInvocationHelper.java:133)
at org.testng.internal.TestInvoker.invokeMethod(TestInvoker.java:598)
at org.testng.internal.TestInvoker.invokeTestMethod(TestInvoker.java:173)
at org.testng.internal.MethodRunner.runInSequence(MethodRunner.java:46)
at org.testng.internal.TestInvoker$MethodInvocationAgent.invoke(TestInvoker.java:824)
at org.testng.internal.TestInvoker.invokeTestMethods(TestInvoker.java:146)
at org.testng.internal.TestMethodWorker.invokeTestMethods(TestMethodWorker.java:146)
at org.testng.internal.TestMethodWorker.run(TestMethodWorker.java:128)
at java.util.ArrayList.forEach(Unknown Source)
at org.testng.TestRunner.privateRun(TestRunner.java:794)
at org.testng.TestRunner.run(TestRunner.java:596)
at org.testng.SuiteRunner.runTest(SuiteRunner.java:377)
at org.testng.SuiteRunner.runSequentially(SuiteRunner.java:371)
at org.testng.SuiteRunner.privateRun(SuiteRunner.java:332)
at org.testng.SuiteRunner.run(SuiteRunner.java:276)
at org.testng.SuiteRunnerWorker.runSuite(SuiteRunnerWorker.java:53)
at org.testng.SuiteRunnerWorker.run(SuiteRunnerWorker.java:96)
at org.testng.TestNG.runSuitesSequentially(TestNG.java:1212)
at org.testng.TestNG.runSuitesLocally(TestNG.java:1134)
at org.testng.TestNG.runSuites(TestNG.java:1063)
at org.testng.TestNG.run(TestNG.java:1031)
at org.testng.remote.AbstractRemoteTestNG.run(AbstractRemoteTestNG.java:115)
at org.testng.remote.RemoteTestNG.initAndRun(RemoteTestNG.java:251)
at org.testng.remote.RemoteTestNG.main(RemoteTestNG.java:77)
]]>
            </full-stacktrace>
          </exception> <!-- org.openqa.selenium.NoSuchElementException -->
          <reporter-output>
          </reporter-output>
        </test-method> <!-- userAddedBookInHisCollection -->
        <test-method status="PASS" signature="afterMethod()[pri:0, instance:projekatTests.ProjekatTests@3cb1ffe6]" name="afterMethod" is-config="true" duration-ms="20" started-at="2021-12-06T16:57:18 CET" finished-at="2021-12-06T16:57:18 CET">
          <reporter-output>
          </reporter-output>
        </test-method> <!-- afterMethod -->
        <test-method status="PASS" signature="pageSetUp()[pri:0, instance:projekatTests.ProjekatTests@3cb1ffe6]" name="pageSetUp" is-config="true" duration-ms="876" started-at="2021-12-06T16:57:18 CET" finished-at="2021-12-06T16:57:19 CET">
          <reporter-output>
          </reporter-output>
        </test-method> <!-- pageSetUp -->
        <test-method status="FAIL" signature="userProfileInBookStoreApplicationAfterBookAdded()[pri:400, instance:projekatTests.ProjekatTests@3cb1ffe6]" name="userProfileInBookStoreApplicationAfterBookAdded" duration-ms="1739" started-at="2021-12-06T16:57:19 CET" finished-at="2021-12-06T16:57:21 CET">
          <exception class="org.openqa.selenium.NoSuchElementException">
            <message>
              <![CDATA[no such element: Unable to locate element: {"method":"xpath","selector":"//body/div[@id='app']/div[1]/div[1]/div[2]/div[1]/div[6]/div[1]/div[3]"}
  (Session info: chrome=96.0.4664.45)
For documentation on this error, please visit: https://www.seleniumhq.org/exceptions/no_such_element.html
Build info: version: '3.141.59', revision: 'e82be7d358', time: '2018-11-14T08:25:48'
System info: host: 'DESKTOP-BF2C6C6', ip: '192.168.1.10', os.name: 'Windows 10', os.arch: 'amd64', os.version: '10.0', java.version: '1.8.0_311'
Driver info: org.openqa.selenium.chrome.ChromeDriver
Capabilities {acceptInsecureCerts: false, browserName: chrome, browserVersion: 96.0.4664.45, chrome: {chromedriverVersion: 95.0.4638.17 (a9d0719444d4b..., userDataDir: C:\Users\Dell\AppData\Local...}, goog:chromeOptions: {debuggerAddress: localhost:53924}, javascriptEnabled: true, networkConnectionEnabled: false, pageLoadStrategy: normal, platform: WINDOWS, platformName: WINDOWS, proxy: Proxy(), setWindowRect: true, strictFileInteractability: false, timeouts: {implicit: 0, pageLoad: 300000, script: 30000}, unhandledPromptBehavior: dismiss and notify, webauthn:extension:credBlob: true, webauthn:extension:largeBlob: true, webauthn:virtualAuthenticators: true}
Session ID: 7ac6c77dc5f287f492c964f04c93a349
*** Element info: {Using=xpath, value=//body/div[@id='app']/div[1]/div[1]/div[2]/div[1]/div[6]/div[1]/div[3]}]]>
            </message>
            <full-stacktrace>
              <![CDATA[org.openqa.selenium.NoSuchElementException: no such element: Unable to locate element: {"method":"xpath","selector":"//body/div[@id='app']/div[1]/div[1]/div[2]/div[1]/div[6]/div[1]/div[3]"}
  (Session info: chrome=96.0.4664.45)
For documentation on this error, please visit: https://www.seleniumhq.org/exceptions/no_such_element.html
Build info: version: '3.141.59', revision: 'e82be7d358', time: '2018-11-14T08:25:48'
System info: host: 'DESKTOP-BF2C6C6', ip: '192.168.1.10', os.name: 'Windows 10', os.arch: 'amd64', os.version: '10.0', java.version: '1.8.0_311'
Driver info: org.openqa.selenium.chrome.ChromeDriver
Capabilities {acceptInsecureCerts: false, browserName: chrome, browserVersion: 96.0.4664.45, chrome: {chromedriverVersion: 95.0.4638.17 (a9d0719444d4b..., userDataDir: C:\Users\Dell\AppData\Local...}, goog:chromeOptions: {debuggerAddress: localhost:53924}, javascriptEnabled: true, networkConnectionEnabled: false, pageLoadStrategy: normal, platform: WINDOWS, platformName: WINDOWS, proxy: Proxy(), setWindowRect: true, strictFileInteractability: false, timeouts: {implicit: 0, pageLoad: 300000, script: 30000}, unhandledPromptBehavior: dismiss and notify, webauthn:extension:credBlob: true, webauthn:extension:largeBlob: true, webauthn:virtualAuthenticators: true}
Session ID: 7ac6c77dc5f287f492c964f04c93a349
*** Element info: {Using=xpath, value=//body/div[@id='app']/div[1]/div[1]/div[2]/div[1]/div[6]/div[1]/div[3]}
at sun.reflect.NativeConstructorAccessorImpl.newInstance0(Native Method)
at sun.reflect.NativeConstructorAccessorImpl.newInstance(Unknown Source)
at sun.reflect.DelegatingConstructorAccessorImpl.newInstance(Unknown Source)
at java.lang.reflect.Constructor.newInstance(Unknown Source)
at org.openqa.selenium.remote.http.W3CHttpResponseCodec.createException(W3CHttpResponseCodec.java:187)
at org.openqa.selenium.remote.http.W3CHttpResponseCodec.decode(W3CHttpResponseCodec.java:122)
at org.openqa.selenium.remote.http.W3CHttpResponseCodec.decode(W3CHttpResponseCodec.java:49)
at org.openqa.selenium.remote.HttpCommandExecutor.execute(HttpCommandExecutor.java:158)
at org.openqa.selenium.remote.service.DriverCommandExecutor.execute(DriverCommandExecutor.java:83)
at org.openqa.selenium.remote.RemoteWebDriver.execute(RemoteWebDriver.java:552)
at org.openqa.selenium.remote.RemoteWebDriver.findElement(RemoteWebDriver.java:323)
at org.openqa.selenium.remote.RemoteWebDriver.findElementByXPath(RemoteWebDriver.java:428)
at org.openqa.selenium.By$ByXPath.findElement(By.java:353)
at org.openqa.selenium.remote.RemoteWebDriver.findElement(RemoteWebDriver.java:315)
at projekatTests.ProjekatTests.userProfileInBookStoreApplicationAfterBookAdded(ProjekatTests.java:797)
at sun.reflect.NativeMethodAccessorImpl.invoke0(Native Method)
at sun.reflect.NativeMethodAccessorImpl.invoke(Unknown Source)
at sun.reflect.DelegatingMethodAccessorImpl.invoke(Unknown Source)
at java.lang.reflect.Method.invoke(Unknown Source)
at org.testng.internal.MethodInvocationHelper.invokeMethod(MethodInvocationHelper.java:133)
at org.testng.internal.TestInvoker.invokeMethod(TestInvoker.java:598)
at org.testng.internal.TestInvoker.invokeTestMethod(TestInvoker.java:173)
at org.testng.internal.MethodRunner.runInSequence(MethodRunner.java:46)
at org.testng.internal.TestInvoker$MethodInvocationAgent.invoke(TestInvoker.java:824)
at org.testng.internal.TestInvoker.invokeTestMethods(TestInvoker.java:146)
at org.testng.internal.TestMethodWorker.invokeTestMethods(TestMethodWorker.java:146)
at org.testng.internal.TestMethodWorker.run(TestMethodWorker.java:128)
at java.util.ArrayList.forEach(Unknown Source)
at org.testng.TestRunner.privateRun(TestRunner.java:794)
at org.testng.TestRunner.run(TestRunner.java:596)
at org.testng.SuiteRunner.runTest(SuiteRunner.java:377)
at org.testng.SuiteRunner.runSequentially(SuiteRunner.java:371)
at org.testng.SuiteRunner.privateRun(SuiteRunner.java:332)
at org.testng.SuiteRunner.run(SuiteRunner.java:276)
at org.testng.SuiteRunnerWorker.runSuite(SuiteRunnerWorker.java:53)
at org.testng.SuiteRunnerWorker.run(SuiteRunnerWorker.java:96)
at org.testng.TestNG.runSuitesSequentially(TestNG.java:1212)
at org.testng.TestNG.runSuitesLocally(TestNG.java:1134)
at org.testng.TestNG.runSuites(TestNG.java:1063)
at org.testng.TestNG.run(TestNG.java:1031)
at org.testng.remote.AbstractRemoteTestNG.run(AbstractRemoteTestNG.java:115)
at org.testng.remote.RemoteTestNG.initAndRun(RemoteTestNG.java:251)
at org.testng.remote.RemoteTestNG.main(RemoteTestNG.java:77)
]]>
            </full-stacktrace>
          </exception> <!-- org.openqa.selenium.NoSuchElementException -->
          <reporter-output>
          </reporter-output>
        </test-method> <!-- userProfileInBookStoreApplicationAfterBookAdded -->
        <test-method status="PASS" signature="afterMethod()[pri:0, instance:projekatTests.ProjekatTests@3cb1ffe6]" name="afterMethod" is-config="true" duration-ms="16" started-at="2021-12-06T16:57:21 CET" finished-at="2021-12-06T16:57:21 CET">
          <reporter-output>
          </reporter-output>
        </test-method> <!-- afterMethod -->
        <test-method status="PASS" signature="afterClass()[pri:0, instance:projekatTests.ProjekatTests@3cb1ffe6]" name="afterClass" is-config="true" duration-ms="759" started-at="2021-12-06T16:57:21 CET" finished-at="2021-12-06T16:57:22 CET">
          <reporter-output>
          </reporter-output>
        </test-method> <!-- afterClass -->
      </class> <!-- projekatTests.ProjekatTests -->
    </test> <!-- Default test -->
  </suite> <!-- Default suite -->
</testng-results>
